<?xml version='1.0' encoding='UTF-8'?>
<testsuites>
  <testsuite name="sample_labels" package_name="bzt">
    <testcase classname="bzt-8763029177445" name="jmeter_browse_projects"/>
    <testcase classname="bzt-8763029177445" name="jmeter_create_issue:fill_and_submit_issue_form"/>
    <testcase classname="bzt-8763029177445" name="jmeter_create_issue:open_quick_create"/>
    <testcase classname="bzt-8763029177445" name="jmeter_edit_issue:open_editor"/>
    <testcase classname="bzt-8763029177445" name="jmeter_edit_issue:save_edit"/>
    <testcase classname="bzt-8763029177445" name="jmeter_login_and_view_dashboard"/>
    <testcase classname="bzt-8763029177445" name="jmeter_search_jql"/>
    <testcase classname="bzt-8763029177445" name="jmeter_view_backlog"/>
    <testcase classname="bzt-8763029177445" name="jmeter_view_dashboard"/>
    <testcase classname="bzt-8763029177445" name="jmeter_view_issue"/>
    <testcase classname="bzt-8763029177445" name="jmeter_view_kanban_board"/>
    <testcase classname="bzt-8763029177445" name="jmeter_view_project_summary"/>
    <testcase classname="bzt-8763029177445" name="jmeter_view_scrum_board"/>
    <testcase classname="bzt-8763029177445" name="selenium_a_login">
      <error message="Exception: ('Failed measure: selenium_login - Exception', Exception('Failed measure: selenium_login:open_login_page - Exception', Exception('Message: session not created: This version of ChromeDriver only supports Chrome version 114\nCurrent browser version is 116.0.5845.96 with binary path /usr/bin/google-chrome\nStacktrace:\n#0 0x559e81e5a4e3 &lt;unknown&gt;\n#1 0x559e81b89c76 &lt;unknown&gt;\n#2 0x559e81bb704a &lt;unknown&gt;\n#3 0x559e81bb24a1 &lt;unknown&gt;\n#4 0x559e81baf029 &lt;unknown&gt;\n#5 0x559e81bedccc &lt;unknown&gt;\n#6 0x559e81bed47f &lt;unknown&gt;\n#7 0x559e81be4de3 &lt;unknown&gt;\n#8 0x559e81bba2dd &lt;unknown&gt;\n#9 0x559e81bbb34e &lt;unknown&gt;\n#10 0x559e81e1a3e4 &lt;unknown&gt;\n#11 0x559e81e1e3d7 &lt;unknown&gt;\n#12 0x559e81e28b20 &lt;unknown&gt;\n#13 0x559e81e1f023 &lt;unknown&gt;\n#14 0x559e81ded1aa &lt;unknown&gt;\n#15 0x559e81e436b8 &lt;unknown&gt;\n#16 0x559e81e43847 &lt;unknown&gt;\n#17 0x559e81e53243 &lt;unknown&gt;\n#18 0x7f1b6b5ecea7 start_thread\n')))" type="Error">Exception: ('Failed measure: selenium_login - Exception', Exception('Failed measure: selenium_login:open_login_page - Exception', Exception('Message: session not created: This version of ChromeDriver only supports Chrome version 114\nCurrent browser version is 116.0.5845.96 with binary path /usr/bin/google-chrome\nStacktrace:\n#0 0x559e81e5a4e3 &lt;unknown&gt;\n#1 0x559e81b89c76 &lt;unknown&gt;\n#2 0x559e81bb704a &lt;unknown&gt;\n#3 0x559e81bb24a1 &lt;unknown&gt;\n#4 0x559e81baf029 &lt;unknown&gt;\n#5 0x559e81bedccc &lt;unknown&gt;\n#6 0x559e81bed47f &lt;unknown&gt;\n#7 0x559e81be4de3 &lt;unknown&gt;\n#8 0x559e81bba2dd &lt;unknown&gt;\n#9 0x559e81bbb34e &lt;unknown&gt;\n#10 0x559e81e1a3e4 &lt;unknown&gt;\n#11 0x559e81e1e3d7 &lt;unknown&gt;\n#12 0x559e81e28b20 &lt;unknown&gt;\n#13 0x559e81e1f023 &lt;unknown&gt;\n#14 0x559e81ded1aa &lt;unknown&gt;\n#15 0x559e81e436b8 &lt;unknown&gt;\n#16 0x559e81e43847 &lt;unknown&gt;\n#17 0x559e81e53243 &lt;unknown&gt;\n#18 0x7f1b6b5ecea7 start_thread\n')))
(status code is 500)
(total errors of this type: 1)</error>
      <error message="Exception: ('Failed measure: selenium_login - Exception', Exception('Failed measure: selenium_login:open_login_page - Exception', Exception('Message: session not created: This version of ChromeDriver only supports Chrome version 114\nCurrent browser version is 116.0.5845.96 with binary path /usr/bin/google-chrome\nStacktrace:\n#0 0x55f801d144e3 &lt;unknown&gt;\n#1 0x55f801a43c76 &lt;unknown&gt;\n#2 0x55f801a7104a &lt;unknown&gt;\n#3 0x55f801a6c4a1 &lt;unknown&gt;\n#4 0x55f801a69029 &lt;unknown&gt;\n#5 0x55f801aa7ccc &lt;unknown&gt;\n#6 0x55f801aa747f &lt;unknown&gt;\n#7 0x55f801a9ede3 &lt;unknown&gt;\n#8 0x55f801a742dd &lt;unknown&gt;\n#9 0x55f801a7534e &lt;unknown&gt;\n#10 0x55f801cd43e4 &lt;unknown&gt;\n#11 0x55f801cd83d7 &lt;unknown&gt;\n#12 0x55f801ce2b20 &lt;unknown&gt;\n#13 0x55f801cd9023 &lt;unknown&gt;\n#14 0x55f801ca71aa &lt;unknown&gt;\n#15 0x55f801cfd6b8 &lt;unknown&gt;\n#16 0x55f801cfd847 &lt;unknown&gt;\n#17 0x55f801d0d243 &lt;unknown&gt;\n#18 0x7f85c85deea7 start_thread\n')))" type="Error">Exception: ('Failed measure: selenium_login - Exception', Exception('Failed measure: selenium_login:open_login_page - Exception', Exception('Message: session not created: This version of ChromeDriver only supports Chrome version 114\nCurrent browser version is 116.0.5845.96 with binary path /usr/bin/google-chrome\nStacktrace:\n#0 0x55f801d144e3 &lt;unknown&gt;\n#1 0x55f801a43c76 &lt;unknown&gt;\n#2 0x55f801a7104a &lt;unknown&gt;\n#3 0x55f801a6c4a1 &lt;unknown&gt;\n#4 0x55f801a69029 &lt;unknown&gt;\n#5 0x55f801aa7ccc &lt;unknown&gt;\n#6 0x55f801aa747f &lt;unknown&gt;\n#7 0x55f801a9ede3 &lt;unknown&gt;\n#8 0x55f801a742dd &lt;unknown&gt;\n#9 0x55f801a7534e &lt;unknown&gt;\n#10 0x55f801cd43e4 &lt;unknown&gt;\n#11 0x55f801cd83d7 &lt;unknown&gt;\n#12 0x55f801ce2b20 &lt;unknown&gt;\n#13 0x55f801cd9023 &lt;unknown&gt;\n#14 0x55f801ca71aa &lt;unknown&gt;\n#15 0x55f801cfd6b8 &lt;unknown&gt;\n#16 0x55f801cfd847 &lt;unknown&gt;\n#17 0x55f801d0d243 &lt;unknown&gt;\n#18 0x7f85c85deea7 start_thread\n')))
(status code is 500)
(total errors of this type: 1)</error>
      <error message="Exception: ('Failed measure: selenium_login - Exception', Exception('Failed measure: selenium_login:open_login_page - Exception', Exception('Message: session not created: This version of ChromeDriver only supports Chrome version 114\nCurrent browser version is 116.0.5845.96 with binary path /usr/bin/google-chrome\nStacktrace:\n#0 0x55a9ff6d44e3 &lt;unknown&gt;\n#1 0x55a9ff403c76 &lt;unknown&gt;\n#2 0x55a9ff43104a &lt;unknown&gt;\n#3 0x55a9ff42c4a1 &lt;unknown&gt;\n#4 0x55a9ff429029 &lt;unknown&gt;\n#5 0x55a9ff467ccc &lt;unknown&gt;\n#6 0x55a9ff46747f &lt;unknown&gt;\n#7 0x55a9ff45ede3 &lt;unknown&gt;\n#8 0x55a9ff4342dd &lt;unknown&gt;\n#9 0x55a9ff43534e &lt;unknown&gt;\n#10 0x55a9ff6943e4 &lt;unknown&gt;\n#11 0x55a9ff6983d7 &lt;unknown&gt;\n#12 0x55a9ff6a2b20 &lt;unknown&gt;\n#13 0x55a9ff699023 &lt;unknown&gt;\n#14 0x55a9ff6671aa &lt;unknown&gt;\n#15 0x55a9ff6bd6b8 &lt;unknown&gt;\n#16 0x55a9ff6bd847 &lt;unknown&gt;\n#17 0x55a9ff6cd243 &lt;unknown&gt;\n#18 0x7f461ae03ea7 start_thread\n')))" type="Error">Exception: ('Failed measure: selenium_login - Exception', Exception('Failed measure: selenium_login:open_login_page - Exception', Exception('Message: session not created: This version of ChromeDriver only supports Chrome version 114\nCurrent browser version is 116.0.5845.96 with binary path /usr/bin/google-chrome\nStacktrace:\n#0 0x55a9ff6d44e3 &lt;unknown&gt;\n#1 0x55a9ff403c76 &lt;unknown&gt;\n#2 0x55a9ff43104a &lt;unknown&gt;\n#3 0x55a9ff42c4a1 &lt;unknown&gt;\n#4 0x55a9ff429029 &lt;unknown&gt;\n#5 0x55a9ff467ccc &lt;unknown&gt;\n#6 0x55a9ff46747f &lt;unknown&gt;\n#7 0x55a9ff45ede3 &lt;unknown&gt;\n#8 0x55a9ff4342dd &lt;unknown&gt;\n#9 0x55a9ff43534e &lt;unknown&gt;\n#10 0x55a9ff6943e4 &lt;unknown&gt;\n#11 0x55a9ff6983d7 &lt;unknown&gt;\n#12 0x55a9ff6a2b20 &lt;unknown&gt;\n#13 0x55a9ff699023 &lt;unknown&gt;\n#14 0x55a9ff6671aa &lt;unknown&gt;\n#15 0x55a9ff6bd6b8 &lt;unknown&gt;\n#16 0x55a9ff6bd847 &lt;unknown&gt;\n#17 0x55a9ff6cd243 &lt;unknown&gt;\n#18 0x7f461ae03ea7 start_thread\n')))
(status code is 500)
(total errors of this type: 1)</error>
      <error message="Exception: ('Failed measure: selenium_login - Exception', Exception('Failed measure: selenium_login:open_login_page - Exception', Exception('Message: session not created: This version of ChromeDriver only supports Chrome version 114\nCurrent browser version is 116.0.5845.96 with binary path /usr/bin/google-chrome\nStacktrace:\n#0 0x561bcf37c4e3 &lt;unknown&gt;\n#1 0x561bcf0abc76 &lt;unknown&gt;\n#2 0x561bcf0d904a &lt;unknown&gt;\n#3 0x561bcf0d44a1 &lt;unknown&gt;\n#4 0x561bcf0d1029 &lt;unknown&gt;\n#5 0x561bcf10fccc &lt;unknown&gt;\n#6 0x561bcf10f47f &lt;unknown&gt;\n#7 0x561bcf106de3 &lt;unknown&gt;\n#8 0x561bcf0dc2dd &lt;unknown&gt;\n#9 0x561bcf0dd34e &lt;unknown&gt;\n#10 0x561bcf33c3e4 &lt;unknown&gt;\n#11 0x561bcf3403d7 &lt;unknown&gt;\n#12 0x561bcf34ab20 &lt;unknown&gt;\n#13 0x561bcf341023 &lt;unknown&gt;\n#14 0x561bcf30f1aa &lt;unknown&gt;\n#15 0x561bcf3656b8 &lt;unknown&gt;\n#16 0x561bcf365847 &lt;unknown&gt;\n#17 0x561bcf375243 &lt;unknown&gt;\n#18 0x7fdd40ea9ea7 start_thread\n')))" type="Error">Exception: ('Failed measure: selenium_login - Exception', Exception('Failed measure: selenium_login:open_login_page - Exception', Exception('Message: session not created: This version of ChromeDriver only supports Chrome version 114\nCurrent browser version is 116.0.5845.96 with binary path /usr/bin/google-chrome\nStacktrace:\n#0 0x561bcf37c4e3 &lt;unknown&gt;\n#1 0x561bcf0abc76 &lt;unknown&gt;\n#2 0x561bcf0d904a &lt;unknown&gt;\n#3 0x561bcf0d44a1 &lt;unknown&gt;\n#4 0x561bcf0d1029 &lt;unknown&gt;\n#5 0x561bcf10fccc &lt;unknown&gt;\n#6 0x561bcf10f47f &lt;unknown&gt;\n#7 0x561bcf106de3 &lt;unknown&gt;\n#8 0x561bcf0dc2dd &lt;unknown&gt;\n#9 0x561bcf0dd34e &lt;unknown&gt;\n#10 0x561bcf33c3e4 &lt;unknown&gt;\n#11 0x561bcf3403d7 &lt;unknown&gt;\n#12 0x561bcf34ab20 &lt;unknown&gt;\n#13 0x561bcf341023 &lt;unknown&gt;\n#14 0x561bcf30f1aa &lt;unknown&gt;\n#15 0x561bcf3656b8 &lt;unknown&gt;\n#16 0x561bcf365847 &lt;unknown&gt;\n#17 0x561bcf375243 &lt;unknown&gt;\n#18 0x7fdd40ea9ea7 start_thread\n')))
(status code is 500)
(total errors of this type: 1)</error>
      <error message="Exception: ('Failed measure: selenium_login - Exception', Exception('Failed measure: selenium_login:open_login_page - Exception', Exception('Message: session not created: This version of ChromeDriver only supports Chrome version 114\nCurrent browser version is 116.0.5845.96 with binary path /usr/bin/google-chrome\nStacktrace:\n#0 0x55602d3d94e3 &lt;unknown&gt;\n#1 0x55602d108c76 &lt;unknown&gt;\n#2 0x55602d13604a &lt;unknown&gt;\n#3 0x55602d1314a1 &lt;unknown&gt;\n#4 0x55602d12e029 &lt;unknown&gt;\n#5 0x55602d16cccc &lt;unknown&gt;\n#6 0x55602d16c47f &lt;unknown&gt;\n#7 0x55602d163de3 &lt;unknown&gt;\n#8 0x55602d1392dd &lt;unknown&gt;\n#9 0x55602d13a34e &lt;unknown&gt;\n#10 0x55602d3993e4 &lt;unknown&gt;\n#11 0x55602d39d3d7 &lt;unknown&gt;\n#12 0x55602d3a7b20 &lt;unknown&gt;\n#13 0x55602d39e023 &lt;unknown&gt;\n#14 0x55602d36c1aa &lt;unknown&gt;\n#15 0x55602d3c26b8 &lt;unknown&gt;\n#16 0x55602d3c2847 &lt;unknown&gt;\n#17 0x55602d3d2243 &lt;unknown&gt;\n#18 0x7f84b877bea7 start_thread\n')))" type="Error">Exception: ('Failed measure: selenium_login - Exception', Exception('Failed measure: selenium_login:open_login_page - Exception', Exception('Message: session not created: This version of ChromeDriver only supports Chrome version 114\nCurrent browser version is 116.0.5845.96 with binary path /usr/bin/google-chrome\nStacktrace:\n#0 0x55602d3d94e3 &lt;unknown&gt;\n#1 0x55602d108c76 &lt;unknown&gt;\n#2 0x55602d13604a &lt;unknown&gt;\n#3 0x55602d1314a1 &lt;unknown&gt;\n#4 0x55602d12e029 &lt;unknown&gt;\n#5 0x55602d16cccc &lt;unknown&gt;\n#6 0x55602d16c47f &lt;unknown&gt;\n#7 0x55602d163de3 &lt;unknown&gt;\n#8 0x55602d1392dd &lt;unknown&gt;\n#9 0x55602d13a34e &lt;unknown&gt;\n#10 0x55602d3993e4 &lt;unknown&gt;\n#11 0x55602d39d3d7 &lt;unknown&gt;\n#12 0x55602d3a7b20 &lt;unknown&gt;\n#13 0x55602d39e023 &lt;unknown&gt;\n#14 0x55602d36c1aa &lt;unknown&gt;\n#15 0x55602d3c26b8 &lt;unknown&gt;\n#16 0x55602d3c2847 &lt;unknown&gt;\n#17 0x55602d3d2243 &lt;unknown&gt;\n#18 0x7f84b877bea7 start_thread\n')))
(status code is 500)
(total errors of this type: 1)</error>
      <error message="Exception: ('Failed measure: selenium_login - Exception', Exception('Failed measure: selenium_login:open_login_page - Exception', Exception('Message: session not created: This version of ChromeDriver only supports Chrome version 114\nCurrent browser version is 116.0.5845.96 with binary path /usr/bin/google-chrome\nStacktrace:\n#0 0x55f5dc6e94e3 &lt;unknown&gt;\n#1 0x55f5dc418c76 &lt;unknown&gt;\n#2 0x55f5dc44604a &lt;unknown&gt;\n#3 0x55f5dc4414a1 &lt;unknown&gt;\n#4 0x55f5dc43e029 &lt;unknown&gt;\n#5 0x55f5dc47cccc &lt;unknown&gt;\n#6 0x55f5dc47c47f &lt;unknown&gt;\n#7 0x55f5dc473de3 &lt;unknown&gt;\n#8 0x55f5dc4492dd &lt;unknown&gt;\n#9 0x55f5dc44a34e &lt;unknown&gt;\n#10 0x55f5dc6a93e4 &lt;unknown&gt;\n#11 0x55f5dc6ad3d7 &lt;unknown&gt;\n#12 0x55f5dc6b7b20 &lt;unknown&gt;\n#13 0x55f5dc6ae023 &lt;unknown&gt;\n#14 0x55f5dc67c1aa &lt;unknown&gt;\n#15 0x55f5dc6d26b8 &lt;unknown&gt;\n#16 0x55f5dc6d2847 &lt;unknown&gt;\n#17 0x55f5dc6e2243 &lt;unknown&gt;\n#18 0x7f375a14cea7 start_thread\n')))" type="Error">Exception: ('Failed measure: selenium_login - Exception', Exception('Failed measure: selenium_login:open_login_page - Exception', Exception('Message: session not created: This version of ChromeDriver only supports Chrome version 114\nCurrent browser version is 116.0.5845.96 with binary path /usr/bin/google-chrome\nStacktrace:\n#0 0x55f5dc6e94e3 &lt;unknown&gt;\n#1 0x55f5dc418c76 &lt;unknown&gt;\n#2 0x55f5dc44604a &lt;unknown&gt;\n#3 0x55f5dc4414a1 &lt;unknown&gt;\n#4 0x55f5dc43e029 &lt;unknown&gt;\n#5 0x55f5dc47cccc &lt;unknown&gt;\n#6 0x55f5dc47c47f &lt;unknown&gt;\n#7 0x55f5dc473de3 &lt;unknown&gt;\n#8 0x55f5dc4492dd &lt;unknown&gt;\n#9 0x55f5dc44a34e &lt;unknown&gt;\n#10 0x55f5dc6a93e4 &lt;unknown&gt;\n#11 0x55f5dc6ad3d7 &lt;unknown&gt;\n#12 0x55f5dc6b7b20 &lt;unknown&gt;\n#13 0x55f5dc6ae023 &lt;unknown&gt;\n#14 0x55f5dc67c1aa &lt;unknown&gt;\n#15 0x55f5dc6d26b8 &lt;unknown&gt;\n#16 0x55f5dc6d2847 &lt;unknown&gt;\n#17 0x55f5dc6e2243 &lt;unknown&gt;\n#18 0x7f375a14cea7 start_thread\n')))
(status code is 500)
(total errors of this type: 2)</error>
      <error message="Exception: ('Failed measure: selenium_login - Exception', Exception('Failed measure: selenium_login:open_login_page - Exception', Exception('Message: session not created: This version of ChromeDriver only supports Chrome version 114\nCurrent browser version is 116.0.5845.96 with binary path /usr/bin/google-chrome\nStacktrace:\n#0 0x55f8d034f4e3 &lt;unknown&gt;\n#1 0x55f8d007ec76 &lt;unknown&gt;\n#2 0x55f8d00ac04a &lt;unknown&gt;\n#3 0x55f8d00a74a1 &lt;unknown&gt;\n#4 0x55f8d00a4029 &lt;unknown&gt;\n#5 0x55f8d00e2ccc &lt;unknown&gt;\n#6 0x55f8d00e247f &lt;unknown&gt;\n#7 0x55f8d00d9de3 &lt;unknown&gt;\n#8 0x55f8d00af2dd &lt;unknown&gt;\n#9 0x55f8d00b034e &lt;unknown&gt;\n#10 0x55f8d030f3e4 &lt;unknown&gt;\n#11 0x55f8d03133d7 &lt;unknown&gt;\n#12 0x55f8d031db20 &lt;unknown&gt;\n#13 0x55f8d0314023 &lt;unknown&gt;\n#14 0x55f8d02e21aa &lt;unknown&gt;\n#15 0x55f8d03386b8 &lt;unknown&gt;\n#16 0x55f8d0338847 &lt;unknown&gt;\n#17 0x55f8d0348243 &lt;unknown&gt;\n#18 0x7fa752eb8ea7 start_thread\n')))" type="Error">Exception: ('Failed measure: selenium_login - Exception', Exception('Failed measure: selenium_login:open_login_page - Exception', Exception('Message: session not created: This version of ChromeDriver only supports Chrome version 114\nCurrent browser version is 116.0.5845.96 with binary path /usr/bin/google-chrome\nStacktrace:\n#0 0x55f8d034f4e3 &lt;unknown&gt;\n#1 0x55f8d007ec76 &lt;unknown&gt;\n#2 0x55f8d00ac04a &lt;unknown&gt;\n#3 0x55f8d00a74a1 &lt;unknown&gt;\n#4 0x55f8d00a4029 &lt;unknown&gt;\n#5 0x55f8d00e2ccc &lt;unknown&gt;\n#6 0x55f8d00e247f &lt;unknown&gt;\n#7 0x55f8d00d9de3 &lt;unknown&gt;\n#8 0x55f8d00af2dd &lt;unknown&gt;\n#9 0x55f8d00b034e &lt;unknown&gt;\n#10 0x55f8d030f3e4 &lt;unknown&gt;\n#11 0x55f8d03133d7 &lt;unknown&gt;\n#12 0x55f8d031db20 &lt;unknown&gt;\n#13 0x55f8d0314023 &lt;unknown&gt;\n#14 0x55f8d02e21aa &lt;unknown&gt;\n#15 0x55f8d03386b8 &lt;unknown&gt;\n#16 0x55f8d0338847 &lt;unknown&gt;\n#17 0x55f8d0348243 &lt;unknown&gt;\n#18 0x7fa752eb8ea7 start_thread\n')))
(status code is 500)
(total errors of this type: 1)</error>
      <error message="Exception: ('Failed measure: selenium_login - Exception', Exception('Failed measure: selenium_login:open_login_page - Exception', Exception('Message: session not created: This version of ChromeDriver only supports Chrome version 114\nCurrent browser version is 116.0.5845.96 with binary path /usr/bin/google-chrome\nStacktrace:\n#0 0x560c0a3764e3 &lt;unknown&gt;\n#1 0x560c0a0a5c76 &lt;unknown&gt;\n#2 0x560c0a0d304a &lt;unknown&gt;\n#3 0x560c0a0ce4a1 &lt;unknown&gt;\n#4 0x560c0a0cb029 &lt;unknown&gt;\n#5 0x560c0a109ccc &lt;unknown&gt;\n#6 0x560c0a10947f &lt;unknown&gt;\n#7 0x560c0a100de3 &lt;unknown&gt;\n#8 0x560c0a0d62dd &lt;unknown&gt;\n#9 0x560c0a0d734e &lt;unknown&gt;\n#10 0x560c0a3363e4 &lt;unknown&gt;\n#11 0x560c0a33a3d7 &lt;unknown&gt;\n#12 0x560c0a344b20 &lt;unknown&gt;\n#13 0x560c0a33b023 &lt;unknown&gt;\n#14 0x560c0a3091aa &lt;unknown&gt;\n#15 0x560c0a35f6b8 &lt;unknown&gt;\n#16 0x560c0a35f847 &lt;unknown&gt;\n#17 0x560c0a36f243 &lt;unknown&gt;\n#18 0x7fa2bd593ea7 start_thread\n')))" type="Error">Exception: ('Failed measure: selenium_login - Exception', Exception('Failed measure: selenium_login:open_login_page - Exception', Exception('Message: session not created: This version of ChromeDriver only supports Chrome version 114\nCurrent browser version is 116.0.5845.96 with binary path /usr/bin/google-chrome\nStacktrace:\n#0 0x560c0a3764e3 &lt;unknown&gt;\n#1 0x560c0a0a5c76 &lt;unknown&gt;\n#2 0x560c0a0d304a &lt;unknown&gt;\n#3 0x560c0a0ce4a1 &lt;unknown&gt;\n#4 0x560c0a0cb029 &lt;unknown&gt;\n#5 0x560c0a109ccc &lt;unknown&gt;\n#6 0x560c0a10947f &lt;unknown&gt;\n#7 0x560c0a100de3 &lt;unknown&gt;\n#8 0x560c0a0d62dd &lt;unknown&gt;\n#9 0x560c0a0d734e &lt;unknown&gt;\n#10 0x560c0a3363e4 &lt;unknown&gt;\n#11 0x560c0a33a3d7 &lt;unknown&gt;\n#12 0x560c0a344b20 &lt;unknown&gt;\n#13 0x560c0a33b023 &lt;unknown&gt;\n#14 0x560c0a3091aa &lt;unknown&gt;\n#15 0x560c0a35f6b8 &lt;unknown&gt;\n#16 0x560c0a35f847 &lt;unknown&gt;\n#17 0x560c0a36f243 &lt;unknown&gt;\n#18 0x7fa2bd593ea7 start_thread\n')))
(status code is 500)
(total errors of this type: 1)</error>
      <error message="Exception: ('Failed measure: selenium_login - Exception', Exception('Failed measure: selenium_login:open_login_page - Exception', Exception('Message: session not created: This version of ChromeDriver only supports Chrome version 114\nCurrent browser version is 116.0.5845.96 with binary path /usr/bin/google-chrome\nStacktrace:\n#0 0x55e38dcca4e3 &lt;unknown&gt;\n#1 0x55e38d9f9c76 &lt;unknown&gt;\n#2 0x55e38da2704a &lt;unknown&gt;\n#3 0x55e38da224a1 &lt;unknown&gt;\n#4 0x55e38da1f029 &lt;unknown&gt;\n#5 0x55e38da5dccc &lt;unknown&gt;\n#6 0x55e38da5d47f &lt;unknown&gt;\n#7 0x55e38da54de3 &lt;unknown&gt;\n#8 0x55e38da2a2dd &lt;unknown&gt;\n#9 0x55e38da2b34e &lt;unknown&gt;\n#10 0x55e38dc8a3e4 &lt;unknown&gt;\n#11 0x55e38dc8e3d7 &lt;unknown&gt;\n#12 0x55e38dc98b20 &lt;unknown&gt;\n#13 0x55e38dc8f023 &lt;unknown&gt;\n#14 0x55e38dc5d1aa &lt;unknown&gt;\n#15 0x55e38dcb36b8 &lt;unknown&gt;\n#16 0x55e38dcb3847 &lt;unknown&gt;\n#17 0x55e38dcc3243 &lt;unknown&gt;\n#18 0x7f0c75ab2ea7 start_thread\n')))" type="Error">Exception: ('Failed measure: selenium_login - Exception', Exception('Failed measure: selenium_login:open_login_page - Exception', Exception('Message: session not created: This version of ChromeDriver only supports Chrome version 114\nCurrent browser version is 116.0.5845.96 with binary path /usr/bin/google-chrome\nStacktrace:\n#0 0x55e38dcca4e3 &lt;unknown&gt;\n#1 0x55e38d9f9c76 &lt;unknown&gt;\n#2 0x55e38da2704a &lt;unknown&gt;\n#3 0x55e38da224a1 &lt;unknown&gt;\n#4 0x55e38da1f029 &lt;unknown&gt;\n#5 0x55e38da5dccc &lt;unknown&gt;\n#6 0x55e38da5d47f &lt;unknown&gt;\n#7 0x55e38da54de3 &lt;unknown&gt;\n#8 0x55e38da2a2dd &lt;unknown&gt;\n#9 0x55e38da2b34e &lt;unknown&gt;\n#10 0x55e38dc8a3e4 &lt;unknown&gt;\n#11 0x55e38dc8e3d7 &lt;unknown&gt;\n#12 0x55e38dc98b20 &lt;unknown&gt;\n#13 0x55e38dc8f023 &lt;unknown&gt;\n#14 0x55e38dc5d1aa &lt;unknown&gt;\n#15 0x55e38dcb36b8 &lt;unknown&gt;\n#16 0x55e38dcb3847 &lt;unknown&gt;\n#17 0x55e38dcc3243 &lt;unknown&gt;\n#18 0x7f0c75ab2ea7 start_thread\n')))
(status code is 500)
(total errors of this type: 1)</error>
      <error message="Exception: ('Failed measure: selenium_login - Exception', Exception('Failed measure: selenium_login:open_login_page - Exception', Exception('Message: session not created: This version of ChromeDriver only supports Chrome version 114\nCurrent browser version is 116.0.5845.96 with binary path /usr/bin/google-chrome\nStacktrace:\n#0 0x55f8046114e3 &lt;unknown&gt;\n#1 0x55f804340c76 &lt;unknown&gt;\n#2 0x55f80436e04a &lt;unknown&gt;\n#3 0x55f8043694a1 &lt;unknown&gt;\n#4 0x55f804366029 &lt;unknown&gt;\n#5 0x55f8043a4ccc &lt;unknown&gt;\n#6 0x55f8043a447f &lt;unknown&gt;\n#7 0x55f80439bde3 &lt;unknown&gt;\n#8 0x55f8043712dd &lt;unknown&gt;\n#9 0x55f80437234e &lt;unknown&gt;\n#10 0x55f8045d13e4 &lt;unknown&gt;\n#11 0x55f8045d53d7 &lt;unknown&gt;\n#12 0x55f8045dfb20 &lt;unknown&gt;\n#13 0x55f8045d6023 &lt;unknown&gt;\n#14 0x55f8045a41aa &lt;unknown&gt;\n#15 0x55f8045fa6b8 &lt;unknown&gt;\n#16 0x55f8045fa847 &lt;unknown&gt;\n#17 0x55f80460a243 &lt;unknown&gt;\n#18 0x7f13dfb79ea7 start_thread\n')))" type="Error">Exception: ('Failed measure: selenium_login - Exception', Exception('Failed measure: selenium_login:open_login_page - Exception', Exception('Message: session not created: This version of ChromeDriver only supports Chrome version 114\nCurrent browser version is 116.0.5845.96 with binary path /usr/bin/google-chrome\nStacktrace:\n#0 0x55f8046114e3 &lt;unknown&gt;\n#1 0x55f804340c76 &lt;unknown&gt;\n#2 0x55f80436e04a &lt;unknown&gt;\n#3 0x55f8043694a1 &lt;unknown&gt;\n#4 0x55f804366029 &lt;unknown&gt;\n#5 0x55f8043a4ccc &lt;unknown&gt;\n#6 0x55f8043a447f &lt;unknown&gt;\n#7 0x55f80439bde3 &lt;unknown&gt;\n#8 0x55f8043712dd &lt;unknown&gt;\n#9 0x55f80437234e &lt;unknown&gt;\n#10 0x55f8045d13e4 &lt;unknown&gt;\n#11 0x55f8045d53d7 &lt;unknown&gt;\n#12 0x55f8045dfb20 &lt;unknown&gt;\n#13 0x55f8045d6023 &lt;unknown&gt;\n#14 0x55f8045a41aa &lt;unknown&gt;\n#15 0x55f8045fa6b8 &lt;unknown&gt;\n#16 0x55f8045fa847 &lt;unknown&gt;\n#17 0x55f80460a243 &lt;unknown&gt;\n#18 0x7f13dfb79ea7 start_thread\n')))
(status code is 500)
(total errors of this type: 2)</error>
      <error message="Exception: ('Failed measure: selenium_login - Exception', Exception('Failed measure: selenium_login:open_login_page - Exception', Exception('Message: session not created: This version of ChromeDriver only supports Chrome version 114\nCurrent browser version is 116.0.5845.96 with binary path /usr/bin/google-chrome\nStacktrace:\n#0 0x563210f9f4e3 &lt;unknown&gt;\n#1 0x563210ccec76 &lt;unknown&gt;\n#2 0x563210cfc04a &lt;unknown&gt;\n#3 0x563210cf74a1 &lt;unknown&gt;\n#4 0x563210cf4029 &lt;unknown&gt;\n#5 0x563210d32ccc &lt;unknown&gt;\n#6 0x563210d3247f &lt;unknown&gt;\n#7 0x563210d29de3 &lt;unknown&gt;\n#8 0x563210cff2dd &lt;unknown&gt;\n#9 0x563210d0034e &lt;unknown&gt;\n#10 0x563210f5f3e4 &lt;unknown&gt;\n#11 0x563210f633d7 &lt;unknown&gt;\n#12 0x563210f6db20 &lt;unknown&gt;\n#13 0x563210f64023 &lt;unknown&gt;\n#14 0x563210f321aa &lt;unknown&gt;\n#15 0x563210f886b8 &lt;unknown&gt;\n#16 0x563210f88847 &lt;unknown&gt;\n#17 0x563210f98243 &lt;unknown&gt;\n#18 0x7f4734dceea7 start_thread\n')))" type="Error">Exception: ('Failed measure: selenium_login - Exception', Exception('Failed measure: selenium_login:open_login_page - Exception', Exception('Message: session not created: This version of ChromeDriver only supports Chrome version 114\nCurrent browser version is 116.0.5845.96 with binary path /usr/bin/google-chrome\nStacktrace:\n#0 0x563210f9f4e3 &lt;unknown&gt;\n#1 0x563210ccec76 &lt;unknown&gt;\n#2 0x563210cfc04a &lt;unknown&gt;\n#3 0x563210cf74a1 &lt;unknown&gt;\n#4 0x563210cf4029 &lt;unknown&gt;\n#5 0x563210d32ccc &lt;unknown&gt;\n#6 0x563210d3247f &lt;unknown&gt;\n#7 0x563210d29de3 &lt;unknown&gt;\n#8 0x563210cff2dd &lt;unknown&gt;\n#9 0x563210d0034e &lt;unknown&gt;\n#10 0x563210f5f3e4 &lt;unknown&gt;\n#11 0x563210f633d7 &lt;unknown&gt;\n#12 0x563210f6db20 &lt;unknown&gt;\n#13 0x563210f64023 &lt;unknown&gt;\n#14 0x563210f321aa &lt;unknown&gt;\n#15 0x563210f886b8 &lt;unknown&gt;\n#16 0x563210f88847 &lt;unknown&gt;\n#17 0x563210f98243 &lt;unknown&gt;\n#18 0x7f4734dceea7 start_thread\n')))
(status code is 500)
(total errors of this type: 2)</error>
      <error message="Exception: ('Failed measure: selenium_login - Exception', Exception('Failed measure: selenium_login:open_login_page - Exception', Exception('Message: session not created: This version of ChromeDriver only supports Chrome version 114\nCurrent browser version is 116.0.5845.96 with binary path /usr/bin/google-chrome\nStacktrace:\n#0 0x5610252764e3 &lt;unknown&gt;\n#1 0x561024fa5c76 &lt;unknown&gt;\n#2 0x561024fd304a &lt;unknown&gt;\n#3 0x561024fce4a1 &lt;unknown&gt;\n#4 0x561024fcb029 &lt;unknown&gt;\n#5 0x561025009ccc &lt;unknown&gt;\n#6 0x56102500947f &lt;unknown&gt;\n#7 0x561025000de3 &lt;unknown&gt;\n#8 0x561024fd62dd &lt;unknown&gt;\n#9 0x561024fd734e &lt;unknown&gt;\n#10 0x5610252363e4 &lt;unknown&gt;\n#11 0x56102523a3d7 &lt;unknown&gt;\n#12 0x561025244b20 &lt;unknown&gt;\n#13 0x56102523b023 &lt;unknown&gt;\n#14 0x5610252091aa &lt;unknown&gt;\n#15 0x56102525f6b8 &lt;unknown&gt;\n#16 0x56102525f847 &lt;unknown&gt;\n#17 0x56102526f243 &lt;unknown&gt;\n#18 0x7fa8383e6ea7 start_thread\n')))" type="Error">Exception: ('Failed measure: selenium_login - Exception', Exception('Failed measure: selenium_login:open_login_page - Exception', Exception('Message: session not created: This version of ChromeDriver only supports Chrome version 114\nCurrent browser version is 116.0.5845.96 with binary path /usr/bin/google-chrome\nStacktrace:\n#0 0x5610252764e3 &lt;unknown&gt;\n#1 0x561024fa5c76 &lt;unknown&gt;\n#2 0x561024fd304a &lt;unknown&gt;\n#3 0x561024fce4a1 &lt;unknown&gt;\n#4 0x561024fcb029 &lt;unknown&gt;\n#5 0x561025009ccc &lt;unknown&gt;\n#6 0x56102500947f &lt;unknown&gt;\n#7 0x561025000de3 &lt;unknown&gt;\n#8 0x561024fd62dd &lt;unknown&gt;\n#9 0x561024fd734e &lt;unknown&gt;\n#10 0x5610252363e4 &lt;unknown&gt;\n#11 0x56102523a3d7 &lt;unknown&gt;\n#12 0x561025244b20 &lt;unknown&gt;\n#13 0x56102523b023 &lt;unknown&gt;\n#14 0x5610252091aa &lt;unknown&gt;\n#15 0x56102525f6b8 &lt;unknown&gt;\n#16 0x56102525f847 &lt;unknown&gt;\n#17 0x56102526f243 &lt;unknown&gt;\n#18 0x7fa8383e6ea7 start_thread\n')))
(status code is 500)
(total errors of this type: 1)</error>
      <error message="Exception: ('Failed measure: selenium_login - Exception', Exception('Failed measure: selenium_login:open_login_page - Exception', Exception('Message: session not created: This version of ChromeDriver only supports Chrome version 114\nCurrent browser version is 116.0.5845.96 with binary path /usr/bin/google-chrome\nStacktrace:\n#0 0x55a445aad4e3 &lt;unknown&gt;\n#1 0x55a4457dcc76 &lt;unknown&gt;\n#2 0x55a44580a04a &lt;unknown&gt;\n#3 0x55a4458054a1 &lt;unknown&gt;\n#4 0x55a445802029 &lt;unknown&gt;\n#5 0x55a445840ccc &lt;unknown&gt;\n#6 0x55a44584047f &lt;unknown&gt;\n#7 0x55a445837de3 &lt;unknown&gt;\n#8 0x55a44580d2dd &lt;unknown&gt;\n#9 0x55a44580e34e &lt;unknown&gt;\n#10 0x55a445a6d3e4 &lt;unknown&gt;\n#11 0x55a445a713d7 &lt;unknown&gt;\n#12 0x55a445a7bb20 &lt;unknown&gt;\n#13 0x55a445a72023 &lt;unknown&gt;\n#14 0x55a445a401aa &lt;unknown&gt;\n#15 0x55a445a966b8 &lt;unknown&gt;\n#16 0x55a445a96847 &lt;unknown&gt;\n#17 0x55a445aa6243 &lt;unknown&gt;\n#18 0x7f48de383ea7 start_thread\n')))" type="Error">Exception: ('Failed measure: selenium_login - Exception', Exception('Failed measure: selenium_login:open_login_page - Exception', Exception('Message: session not created: This version of ChromeDriver only supports Chrome version 114\nCurrent browser version is 116.0.5845.96 with binary path /usr/bin/google-chrome\nStacktrace:\n#0 0x55a445aad4e3 &lt;unknown&gt;\n#1 0x55a4457dcc76 &lt;unknown&gt;\n#2 0x55a44580a04a &lt;unknown&gt;\n#3 0x55a4458054a1 &lt;unknown&gt;\n#4 0x55a445802029 &lt;unknown&gt;\n#5 0x55a445840ccc &lt;unknown&gt;\n#6 0x55a44584047f &lt;unknown&gt;\n#7 0x55a445837de3 &lt;unknown&gt;\n#8 0x55a44580d2dd &lt;unknown&gt;\n#9 0x55a44580e34e &lt;unknown&gt;\n#10 0x55a445a6d3e4 &lt;unknown&gt;\n#11 0x55a445a713d7 &lt;unknown&gt;\n#12 0x55a445a7bb20 &lt;unknown&gt;\n#13 0x55a445a72023 &lt;unknown&gt;\n#14 0x55a445a401aa &lt;unknown&gt;\n#15 0x55a445a966b8 &lt;unknown&gt;\n#16 0x55a445a96847 &lt;unknown&gt;\n#17 0x55a445aa6243 &lt;unknown&gt;\n#18 0x7f48de383ea7 start_thread\n')))
(status code is 500)
(total errors of this type: 1)</error>
      <error message="Exception: ('Failed measure: selenium_login - Exception', Exception('Failed measure: selenium_login:open_login_page - Exception', Exception('Message: session not created: This version of ChromeDriver only supports Chrome version 114\nCurrent browser version is 116.0.5845.96 with binary path /usr/bin/google-chrome\nStacktrace:\n#0 0x5599d462f4e3 &lt;unknown&gt;\n#1 0x5599d435ec76 &lt;unknown&gt;\n#2 0x5599d438c04a &lt;unknown&gt;\n#3 0x5599d43874a1 &lt;unknown&gt;\n#4 0x5599d4384029 &lt;unknown&gt;\n#5 0x5599d43c2ccc &lt;unknown&gt;\n#6 0x5599d43c247f &lt;unknown&gt;\n#7 0x5599d43b9de3 &lt;unknown&gt;\n#8 0x5599d438f2dd &lt;unknown&gt;\n#9 0x5599d439034e &lt;unknown&gt;\n#10 0x5599d45ef3e4 &lt;unknown&gt;\n#11 0x5599d45f33d7 &lt;unknown&gt;\n#12 0x5599d45fdb20 &lt;unknown&gt;\n#13 0x5599d45f4023 &lt;unknown&gt;\n#14 0x5599d45c21aa &lt;unknown&gt;\n#15 0x5599d46186b8 &lt;unknown&gt;\n#16 0x5599d4618847 &lt;unknown&gt;\n#17 0x5599d4628243 &lt;unknown&gt;\n#18 0x7f4491085ea7 start_thread\n')))" type="Error">Exception: ('Failed measure: selenium_login - Exception', Exception('Failed measure: selenium_login:open_login_page - Exception', Exception('Message: session not created: This version of ChromeDriver only supports Chrome version 114\nCurrent browser version is 116.0.5845.96 with binary path /usr/bin/google-chrome\nStacktrace:\n#0 0x5599d462f4e3 &lt;unknown&gt;\n#1 0x5599d435ec76 &lt;unknown&gt;\n#2 0x5599d438c04a &lt;unknown&gt;\n#3 0x5599d43874a1 &lt;unknown&gt;\n#4 0x5599d4384029 &lt;unknown&gt;\n#5 0x5599d43c2ccc &lt;unknown&gt;\n#6 0x5599d43c247f &lt;unknown&gt;\n#7 0x5599d43b9de3 &lt;unknown&gt;\n#8 0x5599d438f2dd &lt;unknown&gt;\n#9 0x5599d439034e &lt;unknown&gt;\n#10 0x5599d45ef3e4 &lt;unknown&gt;\n#11 0x5599d45f33d7 &lt;unknown&gt;\n#12 0x5599d45fdb20 &lt;unknown&gt;\n#13 0x5599d45f4023 &lt;unknown&gt;\n#14 0x5599d45c21aa &lt;unknown&gt;\n#15 0x5599d46186b8 &lt;unknown&gt;\n#16 0x5599d4618847 &lt;unknown&gt;\n#17 0x5599d4628243 &lt;unknown&gt;\n#18 0x7f4491085ea7 start_thread\n')))
(status code is 500)
(total errors of this type: 1)</error>
      <error message="Exception: ('Failed measure: selenium_login - Exception', Exception('Failed measure: selenium_login:open_login_page - Exception', Exception('Message: session not created: This version of ChromeDriver only supports Chrome version 114\nCurrent browser version is 116.0.5845.96 with binary path /usr/bin/google-chrome\nStacktrace:\n#0 0x5580ab9084e3 &lt;unknown&gt;\n#1 0x5580ab637c76 &lt;unknown&gt;\n#2 0x5580ab66504a &lt;unknown&gt;\n#3 0x5580ab6604a1 &lt;unknown&gt;\n#4 0x5580ab65d029 &lt;unknown&gt;\n#5 0x5580ab69bccc &lt;unknown&gt;\n#6 0x5580ab69b47f &lt;unknown&gt;\n#7 0x5580ab692de3 &lt;unknown&gt;\n#8 0x5580ab6682dd &lt;unknown&gt;\n#9 0x5580ab66934e &lt;unknown&gt;\n#10 0x5580ab8c83e4 &lt;unknown&gt;\n#11 0x5580ab8cc3d7 &lt;unknown&gt;\n#12 0x5580ab8d6b20 &lt;unknown&gt;\n#13 0x5580ab8cd023 &lt;unknown&gt;\n#14 0x5580ab89b1aa &lt;unknown&gt;\n#15 0x5580ab8f16b8 &lt;unknown&gt;\n#16 0x5580ab8f1847 &lt;unknown&gt;\n#17 0x5580ab901243 &lt;unknown&gt;\n#18 0x7fb5218a0ea7 start_thread\n')))" type="Error">Exception: ('Failed measure: selenium_login - Exception', Exception('Failed measure: selenium_login:open_login_page - Exception', Exception('Message: session not created: This version of ChromeDriver only supports Chrome version 114\nCurrent browser version is 116.0.5845.96 with binary path /usr/bin/google-chrome\nStacktrace:\n#0 0x5580ab9084e3 &lt;unknown&gt;\n#1 0x5580ab637c76 &lt;unknown&gt;\n#2 0x5580ab66504a &lt;unknown&gt;\n#3 0x5580ab6604a1 &lt;unknown&gt;\n#4 0x5580ab65d029 &lt;unknown&gt;\n#5 0x5580ab69bccc &lt;unknown&gt;\n#6 0x5580ab69b47f &lt;unknown&gt;\n#7 0x5580ab692de3 &lt;unknown&gt;\n#8 0x5580ab6682dd &lt;unknown&gt;\n#9 0x5580ab66934e &lt;unknown&gt;\n#10 0x5580ab8c83e4 &lt;unknown&gt;\n#11 0x5580ab8cc3d7 &lt;unknown&gt;\n#12 0x5580ab8d6b20 &lt;unknown&gt;\n#13 0x5580ab8cd023 &lt;unknown&gt;\n#14 0x5580ab89b1aa &lt;unknown&gt;\n#15 0x5580ab8f16b8 &lt;unknown&gt;\n#16 0x5580ab8f1847 &lt;unknown&gt;\n#17 0x5580ab901243 &lt;unknown&gt;\n#18 0x7fb5218a0ea7 start_thread\n')))
(status code is 500)
(total errors of this type: 1)</error>
      <error message="Exception: ('Failed measure: selenium_login - Exception', Exception('Failed measure: selenium_login:open_login_page - Exception', Exception('Message: session not created: This version of ChromeDriver only supports Chrome version 114\nCurrent browser version is 116.0.5845.96 with binary path /usr/bin/google-chrome\nStacktrace:\n#0 0x55b6c2ccc4e3 &lt;unknown&gt;\n#1 0x55b6c29fbc76 &lt;unknown&gt;\n#2 0x55b6c2a2904a &lt;unknown&gt;\n#3 0x55b6c2a244a1 &lt;unknown&gt;\n#4 0x55b6c2a21029 &lt;unknown&gt;\n#5 0x55b6c2a5fccc &lt;unknown&gt;\n#6 0x55b6c2a5f47f &lt;unknown&gt;\n#7 0x55b6c2a56de3 &lt;unknown&gt;\n#8 0x55b6c2a2c2dd &lt;unknown&gt;\n#9 0x55b6c2a2d34e &lt;unknown&gt;\n#10 0x55b6c2c8c3e4 &lt;unknown&gt;\n#11 0x55b6c2c903d7 &lt;unknown&gt;\n#12 0x55b6c2c9ab20 &lt;unknown&gt;\n#13 0x55b6c2c91023 &lt;unknown&gt;\n#14 0x55b6c2c5f1aa &lt;unknown&gt;\n#15 0x55b6c2cb56b8 &lt;unknown&gt;\n#16 0x55b6c2cb5847 &lt;unknown&gt;\n#17 0x55b6c2cc5243 &lt;unknown&gt;\n#18 0x7fcc35a57ea7 start_thread\n')))" type="Error">Exception: ('Failed measure: selenium_login - Exception', Exception('Failed measure: selenium_login:open_login_page - Exception', Exception('Message: session not created: This version of ChromeDriver only supports Chrome version 114\nCurrent browser version is 116.0.5845.96 with binary path /usr/bin/google-chrome\nStacktrace:\n#0 0x55b6c2ccc4e3 &lt;unknown&gt;\n#1 0x55b6c29fbc76 &lt;unknown&gt;\n#2 0x55b6c2a2904a &lt;unknown&gt;\n#3 0x55b6c2a244a1 &lt;unknown&gt;\n#4 0x55b6c2a21029 &lt;unknown&gt;\n#5 0x55b6c2a5fccc &lt;unknown&gt;\n#6 0x55b6c2a5f47f &lt;unknown&gt;\n#7 0x55b6c2a56de3 &lt;unknown&gt;\n#8 0x55b6c2a2c2dd &lt;unknown&gt;\n#9 0x55b6c2a2d34e &lt;unknown&gt;\n#10 0x55b6c2c8c3e4 &lt;unknown&gt;\n#11 0x55b6c2c903d7 &lt;unknown&gt;\n#12 0x55b6c2c9ab20 &lt;unknown&gt;\n#13 0x55b6c2c91023 &lt;unknown&gt;\n#14 0x55b6c2c5f1aa &lt;unknown&gt;\n#15 0x55b6c2cb56b8 &lt;unknown&gt;\n#16 0x55b6c2cb5847 &lt;unknown&gt;\n#17 0x55b6c2cc5243 &lt;unknown&gt;\n#18 0x7fcc35a57ea7 start_thread\n')))
(status code is 500)
(total errors of this type: 1)</error>
      <error message="Exception: ('Failed measure: selenium_login - Exception', Exception('Failed measure: selenium_login:open_login_page - Exception', Exception('Message: session not created: This version of ChromeDriver only supports Chrome version 114\nCurrent browser version is 116.0.5845.96 with binary path /usr/bin/google-chrome\nStacktrace:\n#0 0x55d0318ea4e3 &lt;unknown&gt;\n#1 0x55d031619c76 &lt;unknown&gt;\n#2 0x55d03164704a &lt;unknown&gt;\n#3 0x55d0316424a1 &lt;unknown&gt;\n#4 0x55d03163f029 &lt;unknown&gt;\n#5 0x55d03167dccc &lt;unknown&gt;\n#6 0x55d03167d47f &lt;unknown&gt;\n#7 0x55d031674de3 &lt;unknown&gt;\n#8 0x55d03164a2dd &lt;unknown&gt;\n#9 0x55d03164b34e &lt;unknown&gt;\n#10 0x55d0318aa3e4 &lt;unknown&gt;\n#11 0x55d0318ae3d7 &lt;unknown&gt;\n#12 0x55d0318b8b20 &lt;unknown&gt;\n#13 0x55d0318af023 &lt;unknown&gt;\n#14 0x55d03187d1aa &lt;unknown&gt;\n#15 0x55d0318d36b8 &lt;unknown&gt;\n#16 0x55d0318d3847 &lt;unknown&gt;\n#17 0x55d0318e3243 &lt;unknown&gt;\n#18 0x7f5d6ba47ea7 start_thread\n')))" type="Error">Exception: ('Failed measure: selenium_login - Exception', Exception('Failed measure: selenium_login:open_login_page - Exception', Exception('Message: session not created: This version of ChromeDriver only supports Chrome version 114\nCurrent browser version is 116.0.5845.96 with binary path /usr/bin/google-chrome\nStacktrace:\n#0 0x55d0318ea4e3 &lt;unknown&gt;\n#1 0x55d031619c76 &lt;unknown&gt;\n#2 0x55d03164704a &lt;unknown&gt;\n#3 0x55d0316424a1 &lt;unknown&gt;\n#4 0x55d03163f029 &lt;unknown&gt;\n#5 0x55d03167dccc &lt;unknown&gt;\n#6 0x55d03167d47f &lt;unknown&gt;\n#7 0x55d031674de3 &lt;unknown&gt;\n#8 0x55d03164a2dd &lt;unknown&gt;\n#9 0x55d03164b34e &lt;unknown&gt;\n#10 0x55d0318aa3e4 &lt;unknown&gt;\n#11 0x55d0318ae3d7 &lt;unknown&gt;\n#12 0x55d0318b8b20 &lt;unknown&gt;\n#13 0x55d0318af023 &lt;unknown&gt;\n#14 0x55d03187d1aa &lt;unknown&gt;\n#15 0x55d0318d36b8 &lt;unknown&gt;\n#16 0x55d0318d3847 &lt;unknown&gt;\n#17 0x55d0318e3243 &lt;unknown&gt;\n#18 0x7f5d6ba47ea7 start_thread\n')))
(status code is 500)
(total errors of this type: 1)</error>
      <error message="Exception: ('Failed measure: selenium_login - Exception', Exception('Failed measure: selenium_login:open_login_page - Exception', Exception('Message: session not created: This version of ChromeDriver only supports Chrome version 114\nCurrent browser version is 116.0.5845.96 with binary path /usr/bin/google-chrome\nStacktrace:\n#0 0x564ad72384e3 &lt;unknown&gt;\n#1 0x564ad6f67c76 &lt;unknown&gt;\n#2 0x564ad6f9504a &lt;unknown&gt;\n#3 0x564ad6f904a1 &lt;unknown&gt;\n#4 0x564ad6f8d029 &lt;unknown&gt;\n#5 0x564ad6fcbccc &lt;unknown&gt;\n#6 0x564ad6fcb47f &lt;unknown&gt;\n#7 0x564ad6fc2de3 &lt;unknown&gt;\n#8 0x564ad6f982dd &lt;unknown&gt;\n#9 0x564ad6f9934e &lt;unknown&gt;\n#10 0x564ad71f83e4 &lt;unknown&gt;\n#11 0x564ad71fc3d7 &lt;unknown&gt;\n#12 0x564ad7206b20 &lt;unknown&gt;\n#13 0x564ad71fd023 &lt;unknown&gt;\n#14 0x564ad71cb1aa &lt;unknown&gt;\n#15 0x564ad72216b8 &lt;unknown&gt;\n#16 0x564ad7221847 &lt;unknown&gt;\n#17 0x564ad7231243 &lt;unknown&gt;\n#18 0x7f65ea440ea7 start_thread\n')))" type="Error">Exception: ('Failed measure: selenium_login - Exception', Exception('Failed measure: selenium_login:open_login_page - Exception', Exception('Message: session not created: This version of ChromeDriver only supports Chrome version 114\nCurrent browser version is 116.0.5845.96 with binary path /usr/bin/google-chrome\nStacktrace:\n#0 0x564ad72384e3 &lt;unknown&gt;\n#1 0x564ad6f67c76 &lt;unknown&gt;\n#2 0x564ad6f9504a &lt;unknown&gt;\n#3 0x564ad6f904a1 &lt;unknown&gt;\n#4 0x564ad6f8d029 &lt;unknown&gt;\n#5 0x564ad6fcbccc &lt;unknown&gt;\n#6 0x564ad6fcb47f &lt;unknown&gt;\n#7 0x564ad6fc2de3 &lt;unknown&gt;\n#8 0x564ad6f982dd &lt;unknown&gt;\n#9 0x564ad6f9934e &lt;unknown&gt;\n#10 0x564ad71f83e4 &lt;unknown&gt;\n#11 0x564ad71fc3d7 &lt;unknown&gt;\n#12 0x564ad7206b20 &lt;unknown&gt;\n#13 0x564ad71fd023 &lt;unknown&gt;\n#14 0x564ad71cb1aa &lt;unknown&gt;\n#15 0x564ad72216b8 &lt;unknown&gt;\n#16 0x564ad7221847 &lt;unknown&gt;\n#17 0x564ad7231243 &lt;unknown&gt;\n#18 0x7f65ea440ea7 start_thread\n')))
(status code is 500)
(total errors of this type: 1)</error>
      <error message="Exception: ('Failed measure: selenium_login - Exception', Exception('Failed measure: selenium_login:open_login_page - Exception', Exception('Message: session not created: This version of ChromeDriver only supports Chrome version 114\nCurrent browser version is 116.0.5845.96 with binary path /usr/bin/google-chrome\nStacktrace:\n#0 0x55ce57a734e3 &lt;unknown&gt;\n#1 0x55ce577a2c76 &lt;unknown&gt;\n#2 0x55ce577d004a &lt;unknown&gt;\n#3 0x55ce577cb4a1 &lt;unknown&gt;\n#4 0x55ce577c8029 &lt;unknown&gt;\n#5 0x55ce57806ccc &lt;unknown&gt;\n#6 0x55ce5780647f &lt;unknown&gt;\n#7 0x55ce577fdde3 &lt;unknown&gt;\n#8 0x55ce577d32dd &lt;unknown&gt;\n#9 0x55ce577d434e &lt;unknown&gt;\n#10 0x55ce57a333e4 &lt;unknown&gt;\n#11 0x55ce57a373d7 &lt;unknown&gt;\n#12 0x55ce57a41b20 &lt;unknown&gt;\n#13 0x55ce57a38023 &lt;unknown&gt;\n#14 0x55ce57a061aa &lt;unknown&gt;\n#15 0x55ce57a5c6b8 &lt;unknown&gt;\n#16 0x55ce57a5c847 &lt;unknown&gt;\n#17 0x55ce57a6c243 &lt;unknown&gt;\n#18 0x7f84373f9ea7 start_thread\n')))" type="Error">Exception: ('Failed measure: selenium_login - Exception', Exception('Failed measure: selenium_login:open_login_page - Exception', Exception('Message: session not created: This version of ChromeDriver only supports Chrome version 114\nCurrent browser version is 116.0.5845.96 with binary path /usr/bin/google-chrome\nStacktrace:\n#0 0x55ce57a734e3 &lt;unknown&gt;\n#1 0x55ce577a2c76 &lt;unknown&gt;\n#2 0x55ce577d004a &lt;unknown&gt;\n#3 0x55ce577cb4a1 &lt;unknown&gt;\n#4 0x55ce577c8029 &lt;unknown&gt;\n#5 0x55ce57806ccc &lt;unknown&gt;\n#6 0x55ce5780647f &lt;unknown&gt;\n#7 0x55ce577fdde3 &lt;unknown&gt;\n#8 0x55ce577d32dd &lt;unknown&gt;\n#9 0x55ce577d434e &lt;unknown&gt;\n#10 0x55ce57a333e4 &lt;unknown&gt;\n#11 0x55ce57a373d7 &lt;unknown&gt;\n#12 0x55ce57a41b20 &lt;unknown&gt;\n#13 0x55ce57a38023 &lt;unknown&gt;\n#14 0x55ce57a061aa &lt;unknown&gt;\n#15 0x55ce57a5c6b8 &lt;unknown&gt;\n#16 0x55ce57a5c847 &lt;unknown&gt;\n#17 0x55ce57a6c243 &lt;unknown&gt;\n#18 0x7f84373f9ea7 start_thread\n')))
(status code is 500)
(total errors of this type: 1)</error>
      <error message="Exception: ('Failed measure: selenium_login - Exception', Exception('Failed measure: selenium_login:open_login_page - Exception', Exception('Message: session not created: This version of ChromeDriver only supports Chrome version 114\nCurrent browser version is 116.0.5845.96 with binary path /usr/bin/google-chrome\nStacktrace:\n#0 0x55b2c4fb44e3 &lt;unknown&gt;\n#1 0x55b2c4ce3c76 &lt;unknown&gt;\n#2 0x55b2c4d1104a &lt;unknown&gt;\n#3 0x55b2c4d0c4a1 &lt;unknown&gt;\n#4 0x55b2c4d09029 &lt;unknown&gt;\n#5 0x55b2c4d47ccc &lt;unknown&gt;\n#6 0x55b2c4d4747f &lt;unknown&gt;\n#7 0x55b2c4d3ede3 &lt;unknown&gt;\n#8 0x55b2c4d142dd &lt;unknown&gt;\n#9 0x55b2c4d1534e &lt;unknown&gt;\n#10 0x55b2c4f743e4 &lt;unknown&gt;\n#11 0x55b2c4f783d7 &lt;unknown&gt;\n#12 0x55b2c4f82b20 &lt;unknown&gt;\n#13 0x55b2c4f79023 &lt;unknown&gt;\n#14 0x55b2c4f471aa &lt;unknown&gt;\n#15 0x55b2c4f9d6b8 &lt;unknown&gt;\n#16 0x55b2c4f9d847 &lt;unknown&gt;\n#17 0x55b2c4fad243 &lt;unknown&gt;\n#18 0x7f5a43d84ea7 start_thread\n')))" type="Error">Exception: ('Failed measure: selenium_login - Exception', Exception('Failed measure: selenium_login:open_login_page - Exception', Exception('Message: session not created: This version of ChromeDriver only supports Chrome version 114\nCurrent browser version is 116.0.5845.96 with binary path /usr/bin/google-chrome\nStacktrace:\n#0 0x55b2c4fb44e3 &lt;unknown&gt;\n#1 0x55b2c4ce3c76 &lt;unknown&gt;\n#2 0x55b2c4d1104a &lt;unknown&gt;\n#3 0x55b2c4d0c4a1 &lt;unknown&gt;\n#4 0x55b2c4d09029 &lt;unknown&gt;\n#5 0x55b2c4d47ccc &lt;unknown&gt;\n#6 0x55b2c4d4747f &lt;unknown&gt;\n#7 0x55b2c4d3ede3 &lt;unknown&gt;\n#8 0x55b2c4d142dd &lt;unknown&gt;\n#9 0x55b2c4d1534e &lt;unknown&gt;\n#10 0x55b2c4f743e4 &lt;unknown&gt;\n#11 0x55b2c4f783d7 &lt;unknown&gt;\n#12 0x55b2c4f82b20 &lt;unknown&gt;\n#13 0x55b2c4f79023 &lt;unknown&gt;\n#14 0x55b2c4f471aa &lt;unknown&gt;\n#15 0x55b2c4f9d6b8 &lt;unknown&gt;\n#16 0x55b2c4f9d847 &lt;unknown&gt;\n#17 0x55b2c4fad243 &lt;unknown&gt;\n#18 0x7f5a43d84ea7 start_thread\n')))
(status code is 500)
(total errors of this type: 1)</error>
      <error message="Exception: ('Failed measure: selenium_login - Exception', Exception('Failed measure: selenium_login:open_login_page - Exception', Exception('Message: session not created: This version of ChromeDriver only supports Chrome version 114\nCurrent browser version is 116.0.5845.96 with binary path /usr/bin/google-chrome\nStacktrace:\n#0 0x55a7f6cea4e3 &lt;unknown&gt;\n#1 0x55a7f6a19c76 &lt;unknown&gt;\n#2 0x55a7f6a4704a &lt;unknown&gt;\n#3 0x55a7f6a424a1 &lt;unknown&gt;\n#4 0x55a7f6a3f029 &lt;unknown&gt;\n#5 0x55a7f6a7dccc &lt;unknown&gt;\n#6 0x55a7f6a7d47f &lt;unknown&gt;\n#7 0x55a7f6a74de3 &lt;unknown&gt;\n#8 0x55a7f6a4a2dd &lt;unknown&gt;\n#9 0x55a7f6a4b34e &lt;unknown&gt;\n#10 0x55a7f6caa3e4 &lt;unknown&gt;\n#11 0x55a7f6cae3d7 &lt;unknown&gt;\n#12 0x55a7f6cb8b20 &lt;unknown&gt;\n#13 0x55a7f6caf023 &lt;unknown&gt;\n#14 0x55a7f6c7d1aa &lt;unknown&gt;\n#15 0x55a7f6cd36b8 &lt;unknown&gt;\n#16 0x55a7f6cd3847 &lt;unknown&gt;\n#17 0x55a7f6ce3243 &lt;unknown&gt;\n#18 0x7f3be78beea7 start_thread\n')))" type="Error">Exception: ('Failed measure: selenium_login - Exception', Exception('Failed measure: selenium_login:open_login_page - Exception', Exception('Message: session not created: This version of ChromeDriver only supports Chrome version 114\nCurrent browser version is 116.0.5845.96 with binary path /usr/bin/google-chrome\nStacktrace:\n#0 0x55a7f6cea4e3 &lt;unknown&gt;\n#1 0x55a7f6a19c76 &lt;unknown&gt;\n#2 0x55a7f6a4704a &lt;unknown&gt;\n#3 0x55a7f6a424a1 &lt;unknown&gt;\n#4 0x55a7f6a3f029 &lt;unknown&gt;\n#5 0x55a7f6a7dccc &lt;unknown&gt;\n#6 0x55a7f6a7d47f &lt;unknown&gt;\n#7 0x55a7f6a74de3 &lt;unknown&gt;\n#8 0x55a7f6a4a2dd &lt;unknown&gt;\n#9 0x55a7f6a4b34e &lt;unknown&gt;\n#10 0x55a7f6caa3e4 &lt;unknown&gt;\n#11 0x55a7f6cae3d7 &lt;unknown&gt;\n#12 0x55a7f6cb8b20 &lt;unknown&gt;\n#13 0x55a7f6caf023 &lt;unknown&gt;\n#14 0x55a7f6c7d1aa &lt;unknown&gt;\n#15 0x55a7f6cd36b8 &lt;unknown&gt;\n#16 0x55a7f6cd3847 &lt;unknown&gt;\n#17 0x55a7f6ce3243 &lt;unknown&gt;\n#18 0x7f3be78beea7 start_thread\n')))
(status code is 500)
(total errors of this type: 1)</error>
      <error message="Exception: ('Failed measure: selenium_login - Exception', Exception('Failed measure: selenium_login:open_login_page - Exception', Exception('Message: session not created: This version of ChromeDriver only supports Chrome version 114\nCurrent browser version is 116.0.5845.96 with binary path /usr/bin/google-chrome\nStacktrace:\n#0 0x55e69a58f4e3 &lt;unknown&gt;\n#1 0x55e69a2bec76 &lt;unknown&gt;\n#2 0x55e69a2ec04a &lt;unknown&gt;\n#3 0x55e69a2e74a1 &lt;unknown&gt;\n#4 0x55e69a2e4029 &lt;unknown&gt;\n#5 0x55e69a322ccc &lt;unknown&gt;\n#6 0x55e69a32247f &lt;unknown&gt;\n#7 0x55e69a319de3 &lt;unknown&gt;\n#8 0x55e69a2ef2dd &lt;unknown&gt;\n#9 0x55e69a2f034e &lt;unknown&gt;\n#10 0x55e69a54f3e4 &lt;unknown&gt;\n#11 0x55e69a5533d7 &lt;unknown&gt;\n#12 0x55e69a55db20 &lt;unknown&gt;\n#13 0x55e69a554023 &lt;unknown&gt;\n#14 0x55e69a5221aa &lt;unknown&gt;\n#15 0x55e69a5786b8 &lt;unknown&gt;\n#16 0x55e69a578847 &lt;unknown&gt;\n#17 0x55e69a588243 &lt;unknown&gt;\n#18 0x7fcc3c31eea7 start_thread\n')))" type="Error">Exception: ('Failed measure: selenium_login - Exception', Exception('Failed measure: selenium_login:open_login_page - Exception', Exception('Message: session not created: This version of ChromeDriver only supports Chrome version 114\nCurrent browser version is 116.0.5845.96 with binary path /usr/bin/google-chrome\nStacktrace:\n#0 0x55e69a58f4e3 &lt;unknown&gt;\n#1 0x55e69a2bec76 &lt;unknown&gt;\n#2 0x55e69a2ec04a &lt;unknown&gt;\n#3 0x55e69a2e74a1 &lt;unknown&gt;\n#4 0x55e69a2e4029 &lt;unknown&gt;\n#5 0x55e69a322ccc &lt;unknown&gt;\n#6 0x55e69a32247f &lt;unknown&gt;\n#7 0x55e69a319de3 &lt;unknown&gt;\n#8 0x55e69a2ef2dd &lt;unknown&gt;\n#9 0x55e69a2f034e &lt;unknown&gt;\n#10 0x55e69a54f3e4 &lt;unknown&gt;\n#11 0x55e69a5533d7 &lt;unknown&gt;\n#12 0x55e69a55db20 &lt;unknown&gt;\n#13 0x55e69a554023 &lt;unknown&gt;\n#14 0x55e69a5221aa &lt;unknown&gt;\n#15 0x55e69a5786b8 &lt;unknown&gt;\n#16 0x55e69a578847 &lt;unknown&gt;\n#17 0x55e69a588243 &lt;unknown&gt;\n#18 0x7fcc3c31eea7 start_thread\n')))
(status code is 500)
(total errors of this type: 1)</error>
      <error message="Exception: ('Failed measure: selenium_login - Exception', Exception('Failed measure: selenium_login:open_login_page - Exception', Exception('Message: session not created: This version of ChromeDriver only supports Chrome version 114\nCurrent browser version is 116.0.5845.96 with binary path /usr/bin/google-chrome\nStacktrace:\n#0 0x55ddcccbd4e3 &lt;unknown&gt;\n#1 0x55ddcc9ecc76 &lt;unknown&gt;\n#2 0x55ddcca1a04a &lt;unknown&gt;\n#3 0x55ddcca154a1 &lt;unknown&gt;\n#4 0x55ddcca12029 &lt;unknown&gt;\n#5 0x55ddcca50ccc &lt;unknown&gt;\n#6 0x55ddcca5047f &lt;unknown&gt;\n#7 0x55ddcca47de3 &lt;unknown&gt;\n#8 0x55ddcca1d2dd &lt;unknown&gt;\n#9 0x55ddcca1e34e &lt;unknown&gt;\n#10 0x55ddccc7d3e4 &lt;unknown&gt;\n#11 0x55ddccc813d7 &lt;unknown&gt;\n#12 0x55ddccc8bb20 &lt;unknown&gt;\n#13 0x55ddccc82023 &lt;unknown&gt;\n#14 0x55ddccc501aa &lt;unknown&gt;\n#15 0x55ddccca66b8 &lt;unknown&gt;\n#16 0x55ddccca6847 &lt;unknown&gt;\n#17 0x55ddcccb6243 &lt;unknown&gt;\n#18 0x7ff6916faea7 start_thread\n')))" type="Error">Exception: ('Failed measure: selenium_login - Exception', Exception('Failed measure: selenium_login:open_login_page - Exception', Exception('Message: session not created: This version of ChromeDriver only supports Chrome version 114\nCurrent browser version is 116.0.5845.96 with binary path /usr/bin/google-chrome\nStacktrace:\n#0 0x55ddcccbd4e3 &lt;unknown&gt;\n#1 0x55ddcc9ecc76 &lt;unknown&gt;\n#2 0x55ddcca1a04a &lt;unknown&gt;\n#3 0x55ddcca154a1 &lt;unknown&gt;\n#4 0x55ddcca12029 &lt;unknown&gt;\n#5 0x55ddcca50ccc &lt;unknown&gt;\n#6 0x55ddcca5047f &lt;unknown&gt;\n#7 0x55ddcca47de3 &lt;unknown&gt;\n#8 0x55ddcca1d2dd &lt;unknown&gt;\n#9 0x55ddcca1e34e &lt;unknown&gt;\n#10 0x55ddccc7d3e4 &lt;unknown&gt;\n#11 0x55ddccc813d7 &lt;unknown&gt;\n#12 0x55ddccc8bb20 &lt;unknown&gt;\n#13 0x55ddccc82023 &lt;unknown&gt;\n#14 0x55ddccc501aa &lt;unknown&gt;\n#15 0x55ddccca66b8 &lt;unknown&gt;\n#16 0x55ddccca6847 &lt;unknown&gt;\n#17 0x55ddcccb6243 &lt;unknown&gt;\n#18 0x7ff6916faea7 start_thread\n')))
(status code is 500)
(total errors of this type: 1)</error>
      <error message="Exception: ('Failed measure: selenium_login - Exception', Exception('Failed measure: selenium_login:open_login_page - Exception', Exception('Message: session not created: This version of ChromeDriver only supports Chrome version 114\nCurrent browser version is 116.0.5845.96 with binary path /usr/bin/google-chrome\nStacktrace:\n#0 0x560596ab34e3 &lt;unknown&gt;\n#1 0x5605967e2c76 &lt;unknown&gt;\n#2 0x56059681004a &lt;unknown&gt;\n#3 0x56059680b4a1 &lt;unknown&gt;\n#4 0x560596808029 &lt;unknown&gt;\n#5 0x560596846ccc &lt;unknown&gt;\n#6 0x56059684647f &lt;unknown&gt;\n#7 0x56059683dde3 &lt;unknown&gt;\n#8 0x5605968132dd &lt;unknown&gt;\n#9 0x56059681434e &lt;unknown&gt;\n#10 0x560596a733e4 &lt;unknown&gt;\n#11 0x560596a773d7 &lt;unknown&gt;\n#12 0x560596a81b20 &lt;unknown&gt;\n#13 0x560596a78023 &lt;unknown&gt;\n#14 0x560596a461aa &lt;unknown&gt;\n#15 0x560596a9c6b8 &lt;unknown&gt;\n#16 0x560596a9c847 &lt;unknown&gt;\n#17 0x560596aac243 &lt;unknown&gt;\n#18 0x7f0b83f49ea7 start_thread\n')))" type="Error">Exception: ('Failed measure: selenium_login - Exception', Exception('Failed measure: selenium_login:open_login_page - Exception', Exception('Message: session not created: This version of ChromeDriver only supports Chrome version 114\nCurrent browser version is 116.0.5845.96 with binary path /usr/bin/google-chrome\nStacktrace:\n#0 0x560596ab34e3 &lt;unknown&gt;\n#1 0x5605967e2c76 &lt;unknown&gt;\n#2 0x56059681004a &lt;unknown&gt;\n#3 0x56059680b4a1 &lt;unknown&gt;\n#4 0x560596808029 &lt;unknown&gt;\n#5 0x560596846ccc &lt;unknown&gt;\n#6 0x56059684647f &lt;unknown&gt;\n#7 0x56059683dde3 &lt;unknown&gt;\n#8 0x5605968132dd &lt;unknown&gt;\n#9 0x56059681434e &lt;unknown&gt;\n#10 0x560596a733e4 &lt;unknown&gt;\n#11 0x560596a773d7 &lt;unknown&gt;\n#12 0x560596a81b20 &lt;unknown&gt;\n#13 0x560596a78023 &lt;unknown&gt;\n#14 0x560596a461aa &lt;unknown&gt;\n#15 0x560596a9c6b8 &lt;unknown&gt;\n#16 0x560596a9c847 &lt;unknown&gt;\n#17 0x560596aac243 &lt;unknown&gt;\n#18 0x7f0b83f49ea7 start_thread\n')))
(status code is 500)
(total errors of this type: 1)</error>
      <error message="Exception: ('Failed measure: selenium_login - Exception', Exception('Failed measure: selenium_login:open_login_page - Exception', Exception('Message: session not created: This version of ChromeDriver only supports Chrome version 114\nCurrent browser version is 116.0.5845.96 with binary path /usr/bin/google-chrome\nStacktrace:\n#0 0x560f7f1f94e3 &lt;unknown&gt;\n#1 0x560f7ef28c76 &lt;unknown&gt;\n#2 0x560f7ef5604a &lt;unknown&gt;\n#3 0x560f7ef514a1 &lt;unknown&gt;\n#4 0x560f7ef4e029 &lt;unknown&gt;\n#5 0x560f7ef8cccc &lt;unknown&gt;\n#6 0x560f7ef8c47f &lt;unknown&gt;\n#7 0x560f7ef83de3 &lt;unknown&gt;\n#8 0x560f7ef592dd &lt;unknown&gt;\n#9 0x560f7ef5a34e &lt;unknown&gt;\n#10 0x560f7f1b93e4 &lt;unknown&gt;\n#11 0x560f7f1bd3d7 &lt;unknown&gt;\n#12 0x560f7f1c7b20 &lt;unknown&gt;\n#13 0x560f7f1be023 &lt;unknown&gt;\n#14 0x560f7f18c1aa &lt;unknown&gt;\n#15 0x560f7f1e26b8 &lt;unknown&gt;\n#16 0x560f7f1e2847 &lt;unknown&gt;\n#17 0x560f7f1f2243 &lt;unknown&gt;\n#18 0x7fd6eb40fea7 start_thread\n')))" type="Error">Exception: ('Failed measure: selenium_login - Exception', Exception('Failed measure: selenium_login:open_login_page - Exception', Exception('Message: session not created: This version of ChromeDriver only supports Chrome version 114\nCurrent browser version is 116.0.5845.96 with binary path /usr/bin/google-chrome\nStacktrace:\n#0 0x560f7f1f94e3 &lt;unknown&gt;\n#1 0x560f7ef28c76 &lt;unknown&gt;\n#2 0x560f7ef5604a &lt;unknown&gt;\n#3 0x560f7ef514a1 &lt;unknown&gt;\n#4 0x560f7ef4e029 &lt;unknown&gt;\n#5 0x560f7ef8cccc &lt;unknown&gt;\n#6 0x560f7ef8c47f &lt;unknown&gt;\n#7 0x560f7ef83de3 &lt;unknown&gt;\n#8 0x560f7ef592dd &lt;unknown&gt;\n#9 0x560f7ef5a34e &lt;unknown&gt;\n#10 0x560f7f1b93e4 &lt;unknown&gt;\n#11 0x560f7f1bd3d7 &lt;unknown&gt;\n#12 0x560f7f1c7b20 &lt;unknown&gt;\n#13 0x560f7f1be023 &lt;unknown&gt;\n#14 0x560f7f18c1aa &lt;unknown&gt;\n#15 0x560f7f1e26b8 &lt;unknown&gt;\n#16 0x560f7f1e2847 &lt;unknown&gt;\n#17 0x560f7f1f2243 &lt;unknown&gt;\n#18 0x7fd6eb40fea7 start_thread\n')))
(status code is 500)
(total errors of this type: 1)</error>
      <error message="Exception: ('Failed measure: selenium_login - Exception', Exception('Failed measure: selenium_login:open_login_page - Exception', Exception('Message: session not created: This version of ChromeDriver only supports Chrome version 114\nCurrent browser version is 116.0.5845.96 with binary path /usr/bin/google-chrome\nStacktrace:\n#0 0x55b812db44e3 &lt;unknown&gt;\n#1 0x55b812ae3c76 &lt;unknown&gt;\n#2 0x55b812b1104a &lt;unknown&gt;\n#3 0x55b812b0c4a1 &lt;unknown&gt;\n#4 0x55b812b09029 &lt;unknown&gt;\n#5 0x55b812b47ccc &lt;unknown&gt;\n#6 0x55b812b4747f &lt;unknown&gt;\n#7 0x55b812b3ede3 &lt;unknown&gt;\n#8 0x55b812b142dd &lt;unknown&gt;\n#9 0x55b812b1534e &lt;unknown&gt;\n#10 0x55b812d743e4 &lt;unknown&gt;\n#11 0x55b812d783d7 &lt;unknown&gt;\n#12 0x55b812d82b20 &lt;unknown&gt;\n#13 0x55b812d79023 &lt;unknown&gt;\n#14 0x55b812d471aa &lt;unknown&gt;\n#15 0x55b812d9d6b8 &lt;unknown&gt;\n#16 0x55b812d9d847 &lt;unknown&gt;\n#17 0x55b812dad243 &lt;unknown&gt;\n#18 0x7f3e0abeaea7 start_thread\n')))" type="Error">Exception: ('Failed measure: selenium_login - Exception', Exception('Failed measure: selenium_login:open_login_page - Exception', Exception('Message: session not created: This version of ChromeDriver only supports Chrome version 114\nCurrent browser version is 116.0.5845.96 with binary path /usr/bin/google-chrome\nStacktrace:\n#0 0x55b812db44e3 &lt;unknown&gt;\n#1 0x55b812ae3c76 &lt;unknown&gt;\n#2 0x55b812b1104a &lt;unknown&gt;\n#3 0x55b812b0c4a1 &lt;unknown&gt;\n#4 0x55b812b09029 &lt;unknown&gt;\n#5 0x55b812b47ccc &lt;unknown&gt;\n#6 0x55b812b4747f &lt;unknown&gt;\n#7 0x55b812b3ede3 &lt;unknown&gt;\n#8 0x55b812b142dd &lt;unknown&gt;\n#9 0x55b812b1534e &lt;unknown&gt;\n#10 0x55b812d743e4 &lt;unknown&gt;\n#11 0x55b812d783d7 &lt;unknown&gt;\n#12 0x55b812d82b20 &lt;unknown&gt;\n#13 0x55b812d79023 &lt;unknown&gt;\n#14 0x55b812d471aa &lt;unknown&gt;\n#15 0x55b812d9d6b8 &lt;unknown&gt;\n#16 0x55b812d9d847 &lt;unknown&gt;\n#17 0x55b812dad243 &lt;unknown&gt;\n#18 0x7f3e0abeaea7 start_thread\n')))
(status code is 500)
(total errors of this type: 1)</error>
      <error message="Exception: ('Failed measure: selenium_login - Exception', Exception('Failed measure: selenium_login:open_login_page - Exception', Exception('Message: session not created: This version of ChromeDriver only supports Chrome version 114\nCurrent browser version is 116.0.5845.96 with binary path /usr/bin/google-chrome\nStacktrace:\n#0 0x562b256454e3 &lt;unknown&gt;\n#1 0x562b25374c76 &lt;unknown&gt;\n#2 0x562b253a204a &lt;unknown&gt;\n#3 0x562b2539d4a1 &lt;unknown&gt;\n#4 0x562b2539a029 &lt;unknown&gt;\n#5 0x562b253d8ccc &lt;unknown&gt;\n#6 0x562b253d847f &lt;unknown&gt;\n#7 0x562b253cfde3 &lt;unknown&gt;\n#8 0x562b253a52dd &lt;unknown&gt;\n#9 0x562b253a634e &lt;unknown&gt;\n#10 0x562b256053e4 &lt;unknown&gt;\n#11 0x562b256093d7 &lt;unknown&gt;\n#12 0x562b25613b20 &lt;unknown&gt;\n#13 0x562b2560a023 &lt;unknown&gt;\n#14 0x562b255d81aa &lt;unknown&gt;\n#15 0x562b2562e6b8 &lt;unknown&gt;\n#16 0x562b2562e847 &lt;unknown&gt;\n#17 0x562b2563e243 &lt;unknown&gt;\n#18 0x7f24bfc68ea7 start_thread\n')))" type="Error">Exception: ('Failed measure: selenium_login - Exception', Exception('Failed measure: selenium_login:open_login_page - Exception', Exception('Message: session not created: This version of ChromeDriver only supports Chrome version 114\nCurrent browser version is 116.0.5845.96 with binary path /usr/bin/google-chrome\nStacktrace:\n#0 0x562b256454e3 &lt;unknown&gt;\n#1 0x562b25374c76 &lt;unknown&gt;\n#2 0x562b253a204a &lt;unknown&gt;\n#3 0x562b2539d4a1 &lt;unknown&gt;\n#4 0x562b2539a029 &lt;unknown&gt;\n#5 0x562b253d8ccc &lt;unknown&gt;\n#6 0x562b253d847f &lt;unknown&gt;\n#7 0x562b253cfde3 &lt;unknown&gt;\n#8 0x562b253a52dd &lt;unknown&gt;\n#9 0x562b253a634e &lt;unknown&gt;\n#10 0x562b256053e4 &lt;unknown&gt;\n#11 0x562b256093d7 &lt;unknown&gt;\n#12 0x562b25613b20 &lt;unknown&gt;\n#13 0x562b2560a023 &lt;unknown&gt;\n#14 0x562b255d81aa &lt;unknown&gt;\n#15 0x562b2562e6b8 &lt;unknown&gt;\n#16 0x562b2562e847 &lt;unknown&gt;\n#17 0x562b2563e243 &lt;unknown&gt;\n#18 0x7f24bfc68ea7 start_thread\n')))
(status code is 500)
(total errors of this type: 1)</error>
      <error message="Exception: ('Failed measure: selenium_login - Exception', Exception('Failed measure: selenium_login:open_login_page - Exception', Exception('Message: session not created: This version of ChromeDriver only supports Chrome version 114\nCurrent browser version is 116.0.5845.96 with binary path /usr/bin/google-chrome\nStacktrace:\n#0 0x5611518f84e3 &lt;unknown&gt;\n#1 0x561151627c76 &lt;unknown&gt;\n#2 0x56115165504a &lt;unknown&gt;\n#3 0x5611516504a1 &lt;unknown&gt;\n#4 0x56115164d029 &lt;unknown&gt;\n#5 0x56115168bccc &lt;unknown&gt;\n#6 0x56115168b47f &lt;unknown&gt;\n#7 0x561151682de3 &lt;unknown&gt;\n#8 0x5611516582dd &lt;unknown&gt;\n#9 0x56115165934e &lt;unknown&gt;\n#10 0x5611518b83e4 &lt;unknown&gt;\n#11 0x5611518bc3d7 &lt;unknown&gt;\n#12 0x5611518c6b20 &lt;unknown&gt;\n#13 0x5611518bd023 &lt;unknown&gt;\n#14 0x56115188b1aa &lt;unknown&gt;\n#15 0x5611518e16b8 &lt;unknown&gt;\n#16 0x5611518e1847 &lt;unknown&gt;\n#17 0x5611518f1243 &lt;unknown&gt;\n#18 0x7ff0cc570ea7 start_thread\n')))" type="Error">Exception: ('Failed measure: selenium_login - Exception', Exception('Failed measure: selenium_login:open_login_page - Exception', Exception('Message: session not created: This version of ChromeDriver only supports Chrome version 114\nCurrent browser version is 116.0.5845.96 with binary path /usr/bin/google-chrome\nStacktrace:\n#0 0x5611518f84e3 &lt;unknown&gt;\n#1 0x561151627c76 &lt;unknown&gt;\n#2 0x56115165504a &lt;unknown&gt;\n#3 0x5611516504a1 &lt;unknown&gt;\n#4 0x56115164d029 &lt;unknown&gt;\n#5 0x56115168bccc &lt;unknown&gt;\n#6 0x56115168b47f &lt;unknown&gt;\n#7 0x561151682de3 &lt;unknown&gt;\n#8 0x5611516582dd &lt;unknown&gt;\n#9 0x56115165934e &lt;unknown&gt;\n#10 0x5611518b83e4 &lt;unknown&gt;\n#11 0x5611518bc3d7 &lt;unknown&gt;\n#12 0x5611518c6b20 &lt;unknown&gt;\n#13 0x5611518bd023 &lt;unknown&gt;\n#14 0x56115188b1aa &lt;unknown&gt;\n#15 0x5611518e16b8 &lt;unknown&gt;\n#16 0x5611518e1847 &lt;unknown&gt;\n#17 0x5611518f1243 &lt;unknown&gt;\n#18 0x7ff0cc570ea7 start_thread\n')))
(status code is 500)
(total errors of this type: 2)</error>
      <error message="Exception: ('Failed measure: selenium_login - Exception', Exception('Failed measure: selenium_login:open_login_page - Exception', Exception('Message: session not created: This version of ChromeDriver only supports Chrome version 114\nCurrent browser version is 116.0.5845.96 with binary path /usr/bin/google-chrome\nStacktrace:\n#0 0x55bc264034e3 &lt;unknown&gt;\n#1 0x55bc26132c76 &lt;unknown&gt;\n#2 0x55bc2616004a &lt;unknown&gt;\n#3 0x55bc2615b4a1 &lt;unknown&gt;\n#4 0x55bc26158029 &lt;unknown&gt;\n#5 0x55bc26196ccc &lt;unknown&gt;\n#6 0x55bc2619647f &lt;unknown&gt;\n#7 0x55bc2618dde3 &lt;unknown&gt;\n#8 0x55bc261632dd &lt;unknown&gt;\n#9 0x55bc2616434e &lt;unknown&gt;\n#10 0x55bc263c33e4 &lt;unknown&gt;\n#11 0x55bc263c73d7 &lt;unknown&gt;\n#12 0x55bc263d1b20 &lt;unknown&gt;\n#13 0x55bc263c8023 &lt;unknown&gt;\n#14 0x55bc263961aa &lt;unknown&gt;\n#15 0x55bc263ec6b8 &lt;unknown&gt;\n#16 0x55bc263ec847 &lt;unknown&gt;\n#17 0x55bc263fc243 &lt;unknown&gt;\n#18 0x7f65e94caea7 start_thread\n')))" type="Error">Exception: ('Failed measure: selenium_login - Exception', Exception('Failed measure: selenium_login:open_login_page - Exception', Exception('Message: session not created: This version of ChromeDriver only supports Chrome version 114\nCurrent browser version is 116.0.5845.96 with binary path /usr/bin/google-chrome\nStacktrace:\n#0 0x55bc264034e3 &lt;unknown&gt;\n#1 0x55bc26132c76 &lt;unknown&gt;\n#2 0x55bc2616004a &lt;unknown&gt;\n#3 0x55bc2615b4a1 &lt;unknown&gt;\n#4 0x55bc26158029 &lt;unknown&gt;\n#5 0x55bc26196ccc &lt;unknown&gt;\n#6 0x55bc2619647f &lt;unknown&gt;\n#7 0x55bc2618dde3 &lt;unknown&gt;\n#8 0x55bc261632dd &lt;unknown&gt;\n#9 0x55bc2616434e &lt;unknown&gt;\n#10 0x55bc263c33e4 &lt;unknown&gt;\n#11 0x55bc263c73d7 &lt;unknown&gt;\n#12 0x55bc263d1b20 &lt;unknown&gt;\n#13 0x55bc263c8023 &lt;unknown&gt;\n#14 0x55bc263961aa &lt;unknown&gt;\n#15 0x55bc263ec6b8 &lt;unknown&gt;\n#16 0x55bc263ec847 &lt;unknown&gt;\n#17 0x55bc263fc243 &lt;unknown&gt;\n#18 0x7f65e94caea7 start_thread\n')))
(status code is 500)
(total errors of this type: 1)</error>
      <error message="Exception: ('Failed measure: selenium_login - Exception', Exception('Failed measure: selenium_login:open_login_page - Exception', Exception('Message: session not created: This version of ChromeDriver only supports Chrome version 114\nCurrent browser version is 116.0.5845.96 with binary path /usr/bin/google-chrome\nStacktrace:\n#0 0x55729a57a4e3 &lt;unknown&gt;\n#1 0x55729a2a9c76 &lt;unknown&gt;\n#2 0x55729a2d704a &lt;unknown&gt;\n#3 0x55729a2d24a1 &lt;unknown&gt;\n#4 0x55729a2cf029 &lt;unknown&gt;\n#5 0x55729a30dccc &lt;unknown&gt;\n#6 0x55729a30d47f &lt;unknown&gt;\n#7 0x55729a304de3 &lt;unknown&gt;\n#8 0x55729a2da2dd &lt;unknown&gt;\n#9 0x55729a2db34e &lt;unknown&gt;\n#10 0x55729a53a3e4 &lt;unknown&gt;\n#11 0x55729a53e3d7 &lt;unknown&gt;\n#12 0x55729a548b20 &lt;unknown&gt;\n#13 0x55729a53f023 &lt;unknown&gt;\n#14 0x55729a50d1aa &lt;unknown&gt;\n#15 0x55729a5636b8 &lt;unknown&gt;\n#16 0x55729a563847 &lt;unknown&gt;\n#17 0x55729a573243 &lt;unknown&gt;\n#18 0x7f41b288bea7 start_thread\n')))" type="Error">Exception: ('Failed measure: selenium_login - Exception', Exception('Failed measure: selenium_login:open_login_page - Exception', Exception('Message: session not created: This version of ChromeDriver only supports Chrome version 114\nCurrent browser version is 116.0.5845.96 with binary path /usr/bin/google-chrome\nStacktrace:\n#0 0x55729a57a4e3 &lt;unknown&gt;\n#1 0x55729a2a9c76 &lt;unknown&gt;\n#2 0x55729a2d704a &lt;unknown&gt;\n#3 0x55729a2d24a1 &lt;unknown&gt;\n#4 0x55729a2cf029 &lt;unknown&gt;\n#5 0x55729a30dccc &lt;unknown&gt;\n#6 0x55729a30d47f &lt;unknown&gt;\n#7 0x55729a304de3 &lt;unknown&gt;\n#8 0x55729a2da2dd &lt;unknown&gt;\n#9 0x55729a2db34e &lt;unknown&gt;\n#10 0x55729a53a3e4 &lt;unknown&gt;\n#11 0x55729a53e3d7 &lt;unknown&gt;\n#12 0x55729a548b20 &lt;unknown&gt;\n#13 0x55729a53f023 &lt;unknown&gt;\n#14 0x55729a50d1aa &lt;unknown&gt;\n#15 0x55729a5636b8 &lt;unknown&gt;\n#16 0x55729a563847 &lt;unknown&gt;\n#17 0x55729a573243 &lt;unknown&gt;\n#18 0x7f41b288bea7 start_thread\n')))
(status code is 500)
(total errors of this type: 2)</error>
      <error message="Exception: ('Failed measure: selenium_login - Exception', Exception('Failed measure: selenium_login:open_login_page - Exception', Exception('Message: session not created: This version of ChromeDriver only supports Chrome version 114\nCurrent browser version is 116.0.5845.96 with binary path /usr/bin/google-chrome\nStacktrace:\n#0 0x5575c601d4e3 &lt;unknown&gt;\n#1 0x5575c5d4cc76 &lt;unknown&gt;\n#2 0x5575c5d7a04a &lt;unknown&gt;\n#3 0x5575c5d754a1 &lt;unknown&gt;\n#4 0x5575c5d72029 &lt;unknown&gt;\n#5 0x5575c5db0ccc &lt;unknown&gt;\n#6 0x5575c5db047f &lt;unknown&gt;\n#7 0x5575c5da7de3 &lt;unknown&gt;\n#8 0x5575c5d7d2dd &lt;unknown&gt;\n#9 0x5575c5d7e34e &lt;unknown&gt;\n#10 0x5575c5fdd3e4 &lt;unknown&gt;\n#11 0x5575c5fe13d7 &lt;unknown&gt;\n#12 0x5575c5febb20 &lt;unknown&gt;\n#13 0x5575c5fe2023 &lt;unknown&gt;\n#14 0x5575c5fb01aa &lt;unknown&gt;\n#15 0x5575c60066b8 &lt;unknown&gt;\n#16 0x5575c6006847 &lt;unknown&gt;\n#17 0x5575c6016243 &lt;unknown&gt;\n#18 0x7febc88f2ea7 start_thread\n')))" type="Error">Exception: ('Failed measure: selenium_login - Exception', Exception('Failed measure: selenium_login:open_login_page - Exception', Exception('Message: session not created: This version of ChromeDriver only supports Chrome version 114\nCurrent browser version is 116.0.5845.96 with binary path /usr/bin/google-chrome\nStacktrace:\n#0 0x5575c601d4e3 &lt;unknown&gt;\n#1 0x5575c5d4cc76 &lt;unknown&gt;\n#2 0x5575c5d7a04a &lt;unknown&gt;\n#3 0x5575c5d754a1 &lt;unknown&gt;\n#4 0x5575c5d72029 &lt;unknown&gt;\n#5 0x5575c5db0ccc &lt;unknown&gt;\n#6 0x5575c5db047f &lt;unknown&gt;\n#7 0x5575c5da7de3 &lt;unknown&gt;\n#8 0x5575c5d7d2dd &lt;unknown&gt;\n#9 0x5575c5d7e34e &lt;unknown&gt;\n#10 0x5575c5fdd3e4 &lt;unknown&gt;\n#11 0x5575c5fe13d7 &lt;unknown&gt;\n#12 0x5575c5febb20 &lt;unknown&gt;\n#13 0x5575c5fe2023 &lt;unknown&gt;\n#14 0x5575c5fb01aa &lt;unknown&gt;\n#15 0x5575c60066b8 &lt;unknown&gt;\n#16 0x5575c6006847 &lt;unknown&gt;\n#17 0x5575c6016243 &lt;unknown&gt;\n#18 0x7febc88f2ea7 start_thread\n')))
(status code is 500)
(total errors of this type: 1)</error>
      <error message="Exception: ('Failed measure: selenium_login - Exception', Exception('Failed measure: selenium_login:open_login_page - Exception', Exception('Message: session not created: This version of ChromeDriver only supports Chrome version 114\nCurrent browser version is 116.0.5845.96 with binary path /usr/bin/google-chrome\nStacktrace:\n#0 0x562ec7de64e3 &lt;unknown&gt;\n#1 0x562ec7b15c76 &lt;unknown&gt;\n#2 0x562ec7b4304a &lt;unknown&gt;\n#3 0x562ec7b3e4a1 &lt;unknown&gt;\n#4 0x562ec7b3b029 &lt;unknown&gt;\n#5 0x562ec7b79ccc &lt;unknown&gt;\n#6 0x562ec7b7947f &lt;unknown&gt;\n#7 0x562ec7b70de3 &lt;unknown&gt;\n#8 0x562ec7b462dd &lt;unknown&gt;\n#9 0x562ec7b4734e &lt;unknown&gt;\n#10 0x562ec7da63e4 &lt;unknown&gt;\n#11 0x562ec7daa3d7 &lt;unknown&gt;\n#12 0x562ec7db4b20 &lt;unknown&gt;\n#13 0x562ec7dab023 &lt;unknown&gt;\n#14 0x562ec7d791aa &lt;unknown&gt;\n#15 0x562ec7dcf6b8 &lt;unknown&gt;\n#16 0x562ec7dcf847 &lt;unknown&gt;\n#17 0x562ec7ddf243 &lt;unknown&gt;\n#18 0x7f5daa90bea7 start_thread\n')))" type="Error">Exception: ('Failed measure: selenium_login - Exception', Exception('Failed measure: selenium_login:open_login_page - Exception', Exception('Message: session not created: This version of ChromeDriver only supports Chrome version 114\nCurrent browser version is 116.0.5845.96 with binary path /usr/bin/google-chrome\nStacktrace:\n#0 0x562ec7de64e3 &lt;unknown&gt;\n#1 0x562ec7b15c76 &lt;unknown&gt;\n#2 0x562ec7b4304a &lt;unknown&gt;\n#3 0x562ec7b3e4a1 &lt;unknown&gt;\n#4 0x562ec7b3b029 &lt;unknown&gt;\n#5 0x562ec7b79ccc &lt;unknown&gt;\n#6 0x562ec7b7947f &lt;unknown&gt;\n#7 0x562ec7b70de3 &lt;unknown&gt;\n#8 0x562ec7b462dd &lt;unknown&gt;\n#9 0x562ec7b4734e &lt;unknown&gt;\n#10 0x562ec7da63e4 &lt;unknown&gt;\n#11 0x562ec7daa3d7 &lt;unknown&gt;\n#12 0x562ec7db4b20 &lt;unknown&gt;\n#13 0x562ec7dab023 &lt;unknown&gt;\n#14 0x562ec7d791aa &lt;unknown&gt;\n#15 0x562ec7dcf6b8 &lt;unknown&gt;\n#16 0x562ec7dcf847 &lt;unknown&gt;\n#17 0x562ec7ddf243 &lt;unknown&gt;\n#18 0x7f5daa90bea7 start_thread\n')))
(status code is 500)
(total errors of this type: 1)</error>
      <error message="Exception: ('Failed measure: selenium_login - Exception', Exception('Failed measure: selenium_login:open_login_page - Exception', Exception('Message: session not created: This version of ChromeDriver only supports Chrome version 114\nCurrent browser version is 116.0.5845.96 with binary path /usr/bin/google-chrome\nStacktrace:\n#0 0x55f135abf4e3 &lt;unknown&gt;\n#1 0x55f1357eec76 &lt;unknown&gt;\n#2 0x55f13581c04a &lt;unknown&gt;\n#3 0x55f1358174a1 &lt;unknown&gt;\n#4 0x55f135814029 &lt;unknown&gt;\n#5 0x55f135852ccc &lt;unknown&gt;\n#6 0x55f13585247f &lt;unknown&gt;\n#7 0x55f135849de3 &lt;unknown&gt;\n#8 0x55f13581f2dd &lt;unknown&gt;\n#9 0x55f13582034e &lt;unknown&gt;\n#10 0x55f135a7f3e4 &lt;unknown&gt;\n#11 0x55f135a833d7 &lt;unknown&gt;\n#12 0x55f135a8db20 &lt;unknown&gt;\n#13 0x55f135a84023 &lt;unknown&gt;\n#14 0x55f135a521aa &lt;unknown&gt;\n#15 0x55f135aa86b8 &lt;unknown&gt;\n#16 0x55f135aa8847 &lt;unknown&gt;\n#17 0x55f135ab8243 &lt;unknown&gt;\n#18 0x7f3add76cea7 start_thread\n')))" type="Error">Exception: ('Failed measure: selenium_login - Exception', Exception('Failed measure: selenium_login:open_login_page - Exception', Exception('Message: session not created: This version of ChromeDriver only supports Chrome version 114\nCurrent browser version is 116.0.5845.96 with binary path /usr/bin/google-chrome\nStacktrace:\n#0 0x55f135abf4e3 &lt;unknown&gt;\n#1 0x55f1357eec76 &lt;unknown&gt;\n#2 0x55f13581c04a &lt;unknown&gt;\n#3 0x55f1358174a1 &lt;unknown&gt;\n#4 0x55f135814029 &lt;unknown&gt;\n#5 0x55f135852ccc &lt;unknown&gt;\n#6 0x55f13585247f &lt;unknown&gt;\n#7 0x55f135849de3 &lt;unknown&gt;\n#8 0x55f13581f2dd &lt;unknown&gt;\n#9 0x55f13582034e &lt;unknown&gt;\n#10 0x55f135a7f3e4 &lt;unknown&gt;\n#11 0x55f135a833d7 &lt;unknown&gt;\n#12 0x55f135a8db20 &lt;unknown&gt;\n#13 0x55f135a84023 &lt;unknown&gt;\n#14 0x55f135a521aa &lt;unknown&gt;\n#15 0x55f135aa86b8 &lt;unknown&gt;\n#16 0x55f135aa8847 &lt;unknown&gt;\n#17 0x55f135ab8243 &lt;unknown&gt;\n#18 0x7f3add76cea7 start_thread\n')))
(status code is 500)
(total errors of this type: 2)</error>
      <error message="Exception: ('Failed measure: selenium_login - Exception', Exception('Failed measure: selenium_login:open_login_page - Exception', Exception('Message: session not created: This version of ChromeDriver only supports Chrome version 114\nCurrent browser version is 116.0.5845.96 with binary path /usr/bin/google-chrome\nStacktrace:\n#0 0x5583570324e3 &lt;unknown&gt;\n#1 0x558356d61c76 &lt;unknown&gt;\n#2 0x558356d8f04a &lt;unknown&gt;\n#3 0x558356d8a4a1 &lt;unknown&gt;\n#4 0x558356d87029 &lt;unknown&gt;\n#5 0x558356dc5ccc &lt;unknown&gt;\n#6 0x558356dc547f &lt;unknown&gt;\n#7 0x558356dbcde3 &lt;unknown&gt;\n#8 0x558356d922dd &lt;unknown&gt;\n#9 0x558356d9334e &lt;unknown&gt;\n#10 0x558356ff23e4 &lt;unknown&gt;\n#11 0x558356ff63d7 &lt;unknown&gt;\n#12 0x558357000b20 &lt;unknown&gt;\n#13 0x558356ff7023 &lt;unknown&gt;\n#14 0x558356fc51aa &lt;unknown&gt;\n#15 0x55835701b6b8 &lt;unknown&gt;\n#16 0x55835701b847 &lt;unknown&gt;\n#17 0x55835702b243 &lt;unknown&gt;\n#18 0x7f6427875ea7 start_thread\n')))" type="Error">Exception: ('Failed measure: selenium_login - Exception', Exception('Failed measure: selenium_login:open_login_page - Exception', Exception('Message: session not created: This version of ChromeDriver only supports Chrome version 114\nCurrent browser version is 116.0.5845.96 with binary path /usr/bin/google-chrome\nStacktrace:\n#0 0x5583570324e3 &lt;unknown&gt;\n#1 0x558356d61c76 &lt;unknown&gt;\n#2 0x558356d8f04a &lt;unknown&gt;\n#3 0x558356d8a4a1 &lt;unknown&gt;\n#4 0x558356d87029 &lt;unknown&gt;\n#5 0x558356dc5ccc &lt;unknown&gt;\n#6 0x558356dc547f &lt;unknown&gt;\n#7 0x558356dbcde3 &lt;unknown&gt;\n#8 0x558356d922dd &lt;unknown&gt;\n#9 0x558356d9334e &lt;unknown&gt;\n#10 0x558356ff23e4 &lt;unknown&gt;\n#11 0x558356ff63d7 &lt;unknown&gt;\n#12 0x558357000b20 &lt;unknown&gt;\n#13 0x558356ff7023 &lt;unknown&gt;\n#14 0x558356fc51aa &lt;unknown&gt;\n#15 0x55835701b6b8 &lt;unknown&gt;\n#16 0x55835701b847 &lt;unknown&gt;\n#17 0x55835702b243 &lt;unknown&gt;\n#18 0x7f6427875ea7 start_thread\n')))
(status code is 500)
(total errors of this type: 1)</error>
      <error message="Exception: ('Failed measure: selenium_login - Exception', Exception('Failed measure: selenium_login:open_login_page - Exception', Exception('Message: session not created: This version of ChromeDriver only supports Chrome version 114\nCurrent browser version is 116.0.5845.96 with binary path /usr/bin/google-chrome\nStacktrace:\n#0 0x5643b888e4e3 &lt;unknown&gt;\n#1 0x5643b85bdc76 &lt;unknown&gt;\n#2 0x5643b85eb04a &lt;unknown&gt;\n#3 0x5643b85e64a1 &lt;unknown&gt;\n#4 0x5643b85e3029 &lt;unknown&gt;\n#5 0x5643b8621ccc &lt;unknown&gt;\n#6 0x5643b862147f &lt;unknown&gt;\n#7 0x5643b8618de3 &lt;unknown&gt;\n#8 0x5643b85ee2dd &lt;unknown&gt;\n#9 0x5643b85ef34e &lt;unknown&gt;\n#10 0x5643b884e3e4 &lt;unknown&gt;\n#11 0x5643b88523d7 &lt;unknown&gt;\n#12 0x5643b885cb20 &lt;unknown&gt;\n#13 0x5643b8853023 &lt;unknown&gt;\n#14 0x5643b88211aa &lt;unknown&gt;\n#15 0x5643b88776b8 &lt;unknown&gt;\n#16 0x5643b8877847 &lt;unknown&gt;\n#17 0x5643b8887243 &lt;unknown&gt;\n#18 0x7fb94daa0ea7 start_thread\n')))" type="Error">Exception: ('Failed measure: selenium_login - Exception', Exception('Failed measure: selenium_login:open_login_page - Exception', Exception('Message: session not created: This version of ChromeDriver only supports Chrome version 114\nCurrent browser version is 116.0.5845.96 with binary path /usr/bin/google-chrome\nStacktrace:\n#0 0x5643b888e4e3 &lt;unknown&gt;\n#1 0x5643b85bdc76 &lt;unknown&gt;\n#2 0x5643b85eb04a &lt;unknown&gt;\n#3 0x5643b85e64a1 &lt;unknown&gt;\n#4 0x5643b85e3029 &lt;unknown&gt;\n#5 0x5643b8621ccc &lt;unknown&gt;\n#6 0x5643b862147f &lt;unknown&gt;\n#7 0x5643b8618de3 &lt;unknown&gt;\n#8 0x5643b85ee2dd &lt;unknown&gt;\n#9 0x5643b85ef34e &lt;unknown&gt;\n#10 0x5643b884e3e4 &lt;unknown&gt;\n#11 0x5643b88523d7 &lt;unknown&gt;\n#12 0x5643b885cb20 &lt;unknown&gt;\n#13 0x5643b8853023 &lt;unknown&gt;\n#14 0x5643b88211aa &lt;unknown&gt;\n#15 0x5643b88776b8 &lt;unknown&gt;\n#16 0x5643b8877847 &lt;unknown&gt;\n#17 0x5643b8887243 &lt;unknown&gt;\n#18 0x7fb94daa0ea7 start_thread\n')))
(status code is 500)
(total errors of this type: 1)</error>
    </testcase>
  </testsuite>
</testsuites>
