<?xml version='1.0' encoding='UTF-8'?>
<testsuites>
  <testsuite name="sample_labels" package_name="bzt">
    <testcase classname="bzt-8788355429893" name="check_logged_in_as_specific_user">
      <error message="Login Failed: Your app_specific_username: 'admin' or password is incorrect. Also, check the CAPTCHA for 'admin' user." type="Error">Login Failed: Your app_specific_username: 'admin' or password is incorrect. Also, check the CAPTCHA for 'admin' user.
(status code is 200)
(total errors of this type: 1)</error>
    </testcase>
    <testcase classname="bzt-8788355429893" name="jmeter_add_comment:open_comment">
      <failure message="Test failed: text expected to contain /Add Comment: AAFAIA-865/" type="Assertion Failure">Test failed: text expected to contain /Add Comment: AAFAIA-865/
(status code is 200)
(total errors of this type: 1)</failure>
    </testcase>
    <testcase classname="bzt-8788355429893" name="jmeter_add_comment:save_comment">
      <failure message="Test failed: text expected to contain /&lt;meta name=&quot;ajs-issue-key&quot; content=&quot;AAFAIA-865&quot;&gt;/" type="Assertion Failure">Test failed: text expected to contain /&lt;meta name="ajs-issue-key" content="AAFAIA-865"&gt;/
(status code is 200)
(total errors of this type: 1)</failure>
    </testcase>
    <testcase classname="bzt-8788355429893" name="jmeter_app_specific_action">
      <error message="Number of samples in transaction : 4, number of failing samples : 1" type="Error">Number of samples in transaction : 4, number of failing samples : 1
(status code is 504)
(total errors of this type: 2)</error>
    </testcase>
    <testcase classname="bzt-8788355429893" name="jmeter_browse_boards"/>
    <testcase classname="bzt-8788355429893" name="jmeter_browse_projects">
      <failure message="Test failed: text expected to contain /WRM._unparsedData[&quot;com.atlassian.jira.project.browse:projects&quot;]=&quot;/" type="Assertion Failure">Test failed: text expected to contain /WRM._unparsedData["com.atlassian.jira.project.browse:projects"]="/
(status code is 200)
(total errors of this type: 2)</failure>
    </testcase>
    <testcase classname="bzt-8788355429893" name="jmeter_create_issue:fill_and_submit_issue_form">
      <failure message="Test failed: text expected to contain /&quot;id&quot;:&quot;project&quot;,&quot;label&quot;:&quot;Project&quot;/" type="Assertion Failure">Test failed: text expected to contain /"id":"project","label":"Project"/
(status code is 200)
(total errors of this type: 1)</failure>
    </testcase>
    <testcase classname="bzt-8788355429893" name="jmeter_create_issue:open_quick_create">
      <error message="Number of samples in transaction : 3, number of failing samples : 1" type="Error">Number of samples in transaction : 3, number of failing samples : 1
(status code is 502)
(total errors of this type: 1)</error>
    </testcase>
    <testcase classname="bzt-8788355429893" name="jmeter_edit_issue:open_editor"/>
    <testcase classname="bzt-8788355429893" name="jmeter_edit_issue:save_edit"/>
    <testcase classname="bzt-8788355429893" name="jmeter_login_and_view_dashboard">
      <error message="Number of samples in transaction : 10, number of failing samples : 1" type="Error">Number of samples in transaction : 10, number of failing samples : 1
(status code is Non HTTP response code: org.apache.http.ConnectionClosedException)
(total errors of this type: 1)</error>
    </testcase>
    <testcase classname="bzt-8788355429893" name="jmeter_search_jql">
      <error message="Number of samples in transaction : 13, number of failing samples : 2" type="Error">Number of samples in transaction : 13, number of failing samples : 2
(status code is 502)
(total errors of this type: 1)</error>
    </testcase>
    <testcase classname="bzt-8788355429893" name="jmeter_view_backlog">
      <error message="Number of samples in transaction : 13, number of failing samples : 1" type="Error">Number of samples in transaction : 13, number of failing samples : 1
(status code is 502)
(total errors of this type: 1)</error>
      <failure message="Test failed: text expected to contain /&quot;{\&quot;currentViewConfig\&quot;:{\&quot;id\&quot;:55,\&quot;/" type="Assertion Failure">Test failed: text expected to contain /"{\"currentViewConfig\":{\"id\":55,\"/
(status code is 200)
(total errors of this type: 1)</failure>
    </testcase>
    <testcase classname="bzt-8788355429893" name="jmeter_view_dashboard">
      <error message="Number of samples in transaction : 8, number of failing samples : 1" type="Error">Number of samples in transaction : 8, number of failing samples : 1
(status code is Non HTTP response code: org.apache.http.ConnectionClosedException)
(total errors of this type: 22)</error>
    </testcase>
    <testcase classname="bzt-8788355429893" name="jmeter_view_issue">
      <failure message="Test failed: text expected to contain /&lt;meta name=&quot;ajs-issue-key&quot; content=&quot;AAFAIA-400&quot;&gt;/" type="Assertion Failure">Test failed: text expected to contain /&lt;meta name="ajs-issue-key" content="AAFAIA-400"&gt;/
(status code is 200)
(total errors of this type: 1)</failure>
      <failure message="Test failed: text expected to contain /&lt;meta name=&quot;ajs-issue-key&quot; content=&quot;AAFAIA-865&quot;&gt;/" type="Assertion Failure">Test failed: text expected to contain /&lt;meta name="ajs-issue-key" content="AAFAIA-865"&gt;/
(status code is 200)
(total errors of this type: 1)</failure>
    </testcase>
    <testcase classname="bzt-8788355429893" name="jmeter_view_kanban_board"/>
    <testcase classname="bzt-8788355429893" name="jmeter_view_project_summary"/>
    <testcase classname="bzt-8788355429893" name="jmeter_view_scrum_board">
      <failure message="Test failed: text expected to contain /&quot;{\&quot;currentViewConfig\&quot;:{\&quot;id\&quot;:55,\&quot;/" type="Assertion Failure">Test failed: text expected to contain /"{\"currentViewConfig\":{\"id\":55,\"/
(status code is 200)
(total errors of this type: 1)</failure>
    </testcase>
    <testcase classname="bzt-8788355429893" name="selenium_a_login"/>
    <testcase classname="bzt-8788355429893" name="selenium_browse_boards_list"/>
    <testcase classname="bzt-8788355429893" name="selenium_browse_projects_list"/>
    <testcase classname="bzt-8788355429893" name="selenium_create_issue"/>
    <testcase classname="bzt-8788355429893" name="selenium_edit_issue"/>
    <testcase classname="bzt-8788355429893" name="selenium_save_comment"/>
    <testcase classname="bzt-8788355429893" name="selenium_search_jql"/>
    <testcase classname="bzt-8788355429893" name="selenium_view_backlog_for_scrum_board"/>
    <testcase classname="bzt-8788355429893" name="selenium_view_dashboard"/>
    <testcase classname="bzt-8788355429893" name="selenium_view_issue"/>
    <testcase classname="bzt-8788355429893" name="selenium_view_kanban_board"/>
    <testcase classname="bzt-8788355429893" name="selenium_view_project_summary"/>
    <testcase classname="bzt-8788355429893" name="selenium_view_scrum_board"/>
    <testcase classname="bzt-8788355429893" name="selenium_z_log_out"/>
  </testsuite>
</testsuites>
