<?xml version='1.0' encoding='UTF-8'?>
<testsuites>
  <testsuite name="sample_labels" package_name="bzt">
    <testcase classname="bzt-8770935971405" name="jmeter_create_issue:fill_and_submit_issue_form"/>
    <testcase classname="bzt-8770935971405" name="jmeter_create_issue:open_quick_create"/>
    <testcase classname="bzt-8770935971405" name="jmeter_login_and_view_dashboard"/>
    <testcase classname="bzt-8770935971405" name="jmeter_search_jql"/>
    <testcase classname="bzt-8770935971405" name="jmeter_view_backlog"/>
    <testcase classname="bzt-8770935971405" name="jmeter_view_dashboard"/>
    <testcase classname="bzt-8770935971405" name="jmeter_view_issue"/>
    <testcase classname="bzt-8770935971405" name="jmeter_view_scrum_board"/>
    <testcase classname="bzt-8770935971405" name="selenium_a_login">
      <error message="Exception: ('Failed measure: selenium_login - Exception', Exception('Failed measure: selenium_login:open_login_page - Exception', Exception('Message: session not created: This version of ChromeDriver only supports Chrome version 114\nCurrent browser version is 116.0.5845.96 with binary path /usr/bin/google-chrome\nStacktrace:\n#0 0x55af04fe34e3 &lt;unknown&gt;\n#1 0x55af04d12c76 &lt;unknown&gt;\n#2 0x55af04d4004a &lt;unknown&gt;\n#3 0x55af04d3b4a1 &lt;unknown&gt;\n#4 0x55af04d38029 &lt;unknown&gt;\n#5 0x55af04d76ccc &lt;unknown&gt;\n#6 0x55af04d7647f &lt;unknown&gt;\n#7 0x55af04d6dde3 &lt;unknown&gt;\n#8 0x55af04d432dd &lt;unknown&gt;\n#9 0x55af04d4434e &lt;unknown&gt;\n#10 0x55af04fa33e4 &lt;unknown&gt;\n#11 0x55af04fa73d7 &lt;unknown&gt;\n#12 0x55af04fb1b20 &lt;unknown&gt;\n#13 0x55af04fa8023 &lt;unknown&gt;\n#14 0x55af04f761aa &lt;unknown&gt;\n#15 0x55af04fcc6b8 &lt;unknown&gt;\n#16 0x55af04fcc847 &lt;unknown&gt;\n#17 0x55af04fdc243 &lt;unknown&gt;\n#18 0x7fd9577feea7 start_thread\n')))" type="Error">Exception: ('Failed measure: selenium_login - Exception', Exception('Failed measure: selenium_login:open_login_page - Exception', Exception('Message: session not created: This version of ChromeDriver only supports Chrome version 114\nCurrent browser version is 116.0.5845.96 with binary path /usr/bin/google-chrome\nStacktrace:\n#0 0x55af04fe34e3 &lt;unknown&gt;\n#1 0x55af04d12c76 &lt;unknown&gt;\n#2 0x55af04d4004a &lt;unknown&gt;\n#3 0x55af04d3b4a1 &lt;unknown&gt;\n#4 0x55af04d38029 &lt;unknown&gt;\n#5 0x55af04d76ccc &lt;unknown&gt;\n#6 0x55af04d7647f &lt;unknown&gt;\n#7 0x55af04d6dde3 &lt;unknown&gt;\n#8 0x55af04d432dd &lt;unknown&gt;\n#9 0x55af04d4434e &lt;unknown&gt;\n#10 0x55af04fa33e4 &lt;unknown&gt;\n#11 0x55af04fa73d7 &lt;unknown&gt;\n#12 0x55af04fb1b20 &lt;unknown&gt;\n#13 0x55af04fa8023 &lt;unknown&gt;\n#14 0x55af04f761aa &lt;unknown&gt;\n#15 0x55af04fcc6b8 &lt;unknown&gt;\n#16 0x55af04fcc847 &lt;unknown&gt;\n#17 0x55af04fdc243 &lt;unknown&gt;\n#18 0x7fd9577feea7 start_thread\n')))
(status code is 500)
(total errors of this type: 1)</error>
      <error message="Exception: ('Failed measure: selenium_login - Exception', Exception('Failed measure: selenium_login:open_login_page - Exception', Exception('Message: session not created: This version of ChromeDriver only supports Chrome version 114\nCurrent browser version is 116.0.5845.96 with binary path /usr/bin/google-chrome\nStacktrace:\n#0 0x558cb7e2b4e3 &lt;unknown&gt;\n#1 0x558cb7b5ac76 &lt;unknown&gt;\n#2 0x558cb7b8804a &lt;unknown&gt;\n#3 0x558cb7b834a1 &lt;unknown&gt;\n#4 0x558cb7b80029 &lt;unknown&gt;\n#5 0x558cb7bbeccc &lt;unknown&gt;\n#6 0x558cb7bbe47f &lt;unknown&gt;\n#7 0x558cb7bb5de3 &lt;unknown&gt;\n#8 0x558cb7b8b2dd &lt;unknown&gt;\n#9 0x558cb7b8c34e &lt;unknown&gt;\n#10 0x558cb7deb3e4 &lt;unknown&gt;\n#11 0x558cb7def3d7 &lt;unknown&gt;\n#12 0x558cb7df9b20 &lt;unknown&gt;\n#13 0x558cb7df0023 &lt;unknown&gt;\n#14 0x558cb7dbe1aa &lt;unknown&gt;\n#15 0x558cb7e146b8 &lt;unknown&gt;\n#16 0x558cb7e14847 &lt;unknown&gt;\n#17 0x558cb7e24243 &lt;unknown&gt;\n#18 0x7f1a64418ea7 start_thread\n')))" type="Error">Exception: ('Failed measure: selenium_login - Exception', Exception('Failed measure: selenium_login:open_login_page - Exception', Exception('Message: session not created: This version of ChromeDriver only supports Chrome version 114\nCurrent browser version is 116.0.5845.96 with binary path /usr/bin/google-chrome\nStacktrace:\n#0 0x558cb7e2b4e3 &lt;unknown&gt;\n#1 0x558cb7b5ac76 &lt;unknown&gt;\n#2 0x558cb7b8804a &lt;unknown&gt;\n#3 0x558cb7b834a1 &lt;unknown&gt;\n#4 0x558cb7b80029 &lt;unknown&gt;\n#5 0x558cb7bbeccc &lt;unknown&gt;\n#6 0x558cb7bbe47f &lt;unknown&gt;\n#7 0x558cb7bb5de3 &lt;unknown&gt;\n#8 0x558cb7b8b2dd &lt;unknown&gt;\n#9 0x558cb7b8c34e &lt;unknown&gt;\n#10 0x558cb7deb3e4 &lt;unknown&gt;\n#11 0x558cb7def3d7 &lt;unknown&gt;\n#12 0x558cb7df9b20 &lt;unknown&gt;\n#13 0x558cb7df0023 &lt;unknown&gt;\n#14 0x558cb7dbe1aa &lt;unknown&gt;\n#15 0x558cb7e146b8 &lt;unknown&gt;\n#16 0x558cb7e14847 &lt;unknown&gt;\n#17 0x558cb7e24243 &lt;unknown&gt;\n#18 0x7f1a64418ea7 start_thread\n')))
(status code is 500)
(total errors of this type: 1)</error>
      <error message="Exception: ('Failed measure: selenium_login - Exception', Exception('Failed measure: selenium_login:open_login_page - Exception', Exception('Message: session not created: This version of ChromeDriver only supports Chrome version 114\nCurrent browser version is 116.0.5845.96 with binary path /usr/bin/google-chrome\nStacktrace:\n#0 0x5594d4ae94e3 &lt;unknown&gt;\n#1 0x5594d4818c76 &lt;unknown&gt;\n#2 0x5594d484604a &lt;unknown&gt;\n#3 0x5594d48414a1 &lt;unknown&gt;\n#4 0x5594d483e029 &lt;unknown&gt;\n#5 0x5594d487cccc &lt;unknown&gt;\n#6 0x5594d487c47f &lt;unknown&gt;\n#7 0x5594d4873de3 &lt;unknown&gt;\n#8 0x5594d48492dd &lt;unknown&gt;\n#9 0x5594d484a34e &lt;unknown&gt;\n#10 0x5594d4aa93e4 &lt;unknown&gt;\n#11 0x5594d4aad3d7 &lt;unknown&gt;\n#12 0x5594d4ab7b20 &lt;unknown&gt;\n#13 0x5594d4aae023 &lt;unknown&gt;\n#14 0x5594d4a7c1aa &lt;unknown&gt;\n#15 0x5594d4ad26b8 &lt;unknown&gt;\n#16 0x5594d4ad2847 &lt;unknown&gt;\n#17 0x5594d4ae2243 &lt;unknown&gt;\n#18 0x7fcd07bbaea7 start_thread\n')))" type="Error">Exception: ('Failed measure: selenium_login - Exception', Exception('Failed measure: selenium_login:open_login_page - Exception', Exception('Message: session not created: This version of ChromeDriver only supports Chrome version 114\nCurrent browser version is 116.0.5845.96 with binary path /usr/bin/google-chrome\nStacktrace:\n#0 0x5594d4ae94e3 &lt;unknown&gt;\n#1 0x5594d4818c76 &lt;unknown&gt;\n#2 0x5594d484604a &lt;unknown&gt;\n#3 0x5594d48414a1 &lt;unknown&gt;\n#4 0x5594d483e029 &lt;unknown&gt;\n#5 0x5594d487cccc &lt;unknown&gt;\n#6 0x5594d487c47f &lt;unknown&gt;\n#7 0x5594d4873de3 &lt;unknown&gt;\n#8 0x5594d48492dd &lt;unknown&gt;\n#9 0x5594d484a34e &lt;unknown&gt;\n#10 0x5594d4aa93e4 &lt;unknown&gt;\n#11 0x5594d4aad3d7 &lt;unknown&gt;\n#12 0x5594d4ab7b20 &lt;unknown&gt;\n#13 0x5594d4aae023 &lt;unknown&gt;\n#14 0x5594d4a7c1aa &lt;unknown&gt;\n#15 0x5594d4ad26b8 &lt;unknown&gt;\n#16 0x5594d4ad2847 &lt;unknown&gt;\n#17 0x5594d4ae2243 &lt;unknown&gt;\n#18 0x7fcd07bbaea7 start_thread\n')))
(status code is 500)
(total errors of this type: 1)</error>
      <error message="Exception: ('Failed measure: selenium_login - Exception', Exception('Failed measure: selenium_login:open_login_page - Exception', Exception('Message: session not created: This version of ChromeDriver only supports Chrome version 114\nCurrent browser version is 116.0.5845.96 with binary path /usr/bin/google-chrome\nStacktrace:\n#0 0x563467f4e4e3 &lt;unknown&gt;\n#1 0x563467c7dc76 &lt;unknown&gt;\n#2 0x563467cab04a &lt;unknown&gt;\n#3 0x563467ca64a1 &lt;unknown&gt;\n#4 0x563467ca3029 &lt;unknown&gt;\n#5 0x563467ce1ccc &lt;unknown&gt;\n#6 0x563467ce147f &lt;unknown&gt;\n#7 0x563467cd8de3 &lt;unknown&gt;\n#8 0x563467cae2dd &lt;unknown&gt;\n#9 0x563467caf34e &lt;unknown&gt;\n#10 0x563467f0e3e4 &lt;unknown&gt;\n#11 0x563467f123d7 &lt;unknown&gt;\n#12 0x563467f1cb20 &lt;unknown&gt;\n#13 0x563467f13023 &lt;unknown&gt;\n#14 0x563467ee11aa &lt;unknown&gt;\n#15 0x563467f376b8 &lt;unknown&gt;\n#16 0x563467f37847 &lt;unknown&gt;\n#17 0x563467f47243 &lt;unknown&gt;\n#18 0x7fd2e7602ea7 start_thread\n')))" type="Error">Exception: ('Failed measure: selenium_login - Exception', Exception('Failed measure: selenium_login:open_login_page - Exception', Exception('Message: session not created: This version of ChromeDriver only supports Chrome version 114\nCurrent browser version is 116.0.5845.96 with binary path /usr/bin/google-chrome\nStacktrace:\n#0 0x563467f4e4e3 &lt;unknown&gt;\n#1 0x563467c7dc76 &lt;unknown&gt;\n#2 0x563467cab04a &lt;unknown&gt;\n#3 0x563467ca64a1 &lt;unknown&gt;\n#4 0x563467ca3029 &lt;unknown&gt;\n#5 0x563467ce1ccc &lt;unknown&gt;\n#6 0x563467ce147f &lt;unknown&gt;\n#7 0x563467cd8de3 &lt;unknown&gt;\n#8 0x563467cae2dd &lt;unknown&gt;\n#9 0x563467caf34e &lt;unknown&gt;\n#10 0x563467f0e3e4 &lt;unknown&gt;\n#11 0x563467f123d7 &lt;unknown&gt;\n#12 0x563467f1cb20 &lt;unknown&gt;\n#13 0x563467f13023 &lt;unknown&gt;\n#14 0x563467ee11aa &lt;unknown&gt;\n#15 0x563467f376b8 &lt;unknown&gt;\n#16 0x563467f37847 &lt;unknown&gt;\n#17 0x563467f47243 &lt;unknown&gt;\n#18 0x7fd2e7602ea7 start_thread\n')))
(status code is 500)
(total errors of this type: 1)</error>
      <error message="Exception: ('Failed measure: selenium_login - Exception', Exception('Failed measure: selenium_login:open_login_page - Exception', Exception('Message: session not created: This version of ChromeDriver only supports Chrome version 114\nCurrent browser version is 116.0.5845.96 with binary path /usr/bin/google-chrome\nStacktrace:\n#0 0x55f8c161a4e3 &lt;unknown&gt;\n#1 0x55f8c1349c76 &lt;unknown&gt;\n#2 0x55f8c137704a &lt;unknown&gt;\n#3 0x55f8c13724a1 &lt;unknown&gt;\n#4 0x55f8c136f029 &lt;unknown&gt;\n#5 0x55f8c13adccc &lt;unknown&gt;\n#6 0x55f8c13ad47f &lt;unknown&gt;\n#7 0x55f8c13a4de3 &lt;unknown&gt;\n#8 0x55f8c137a2dd &lt;unknown&gt;\n#9 0x55f8c137b34e &lt;unknown&gt;\n#10 0x55f8c15da3e4 &lt;unknown&gt;\n#11 0x55f8c15de3d7 &lt;unknown&gt;\n#12 0x55f8c15e8b20 &lt;unknown&gt;\n#13 0x55f8c15df023 &lt;unknown&gt;\n#14 0x55f8c15ad1aa &lt;unknown&gt;\n#15 0x55f8c16036b8 &lt;unknown&gt;\n#16 0x55f8c1603847 &lt;unknown&gt;\n#17 0x55f8c1613243 &lt;unknown&gt;\n#18 0x7f63382ffea7 start_thread\n')))" type="Error">Exception: ('Failed measure: selenium_login - Exception', Exception('Failed measure: selenium_login:open_login_page - Exception', Exception('Message: session not created: This version of ChromeDriver only supports Chrome version 114\nCurrent browser version is 116.0.5845.96 with binary path /usr/bin/google-chrome\nStacktrace:\n#0 0x55f8c161a4e3 &lt;unknown&gt;\n#1 0x55f8c1349c76 &lt;unknown&gt;\n#2 0x55f8c137704a &lt;unknown&gt;\n#3 0x55f8c13724a1 &lt;unknown&gt;\n#4 0x55f8c136f029 &lt;unknown&gt;\n#5 0x55f8c13adccc &lt;unknown&gt;\n#6 0x55f8c13ad47f &lt;unknown&gt;\n#7 0x55f8c13a4de3 &lt;unknown&gt;\n#8 0x55f8c137a2dd &lt;unknown&gt;\n#9 0x55f8c137b34e &lt;unknown&gt;\n#10 0x55f8c15da3e4 &lt;unknown&gt;\n#11 0x55f8c15de3d7 &lt;unknown&gt;\n#12 0x55f8c15e8b20 &lt;unknown&gt;\n#13 0x55f8c15df023 &lt;unknown&gt;\n#14 0x55f8c15ad1aa &lt;unknown&gt;\n#15 0x55f8c16036b8 &lt;unknown&gt;\n#16 0x55f8c1603847 &lt;unknown&gt;\n#17 0x55f8c1613243 &lt;unknown&gt;\n#18 0x7f63382ffea7 start_thread\n')))
(status code is 500)
(total errors of this type: 1)</error>
      <error message="Exception: ('Failed measure: selenium_login - Exception', Exception('Failed measure: selenium_login:open_login_page - Exception', Exception('Message: session not created: This version of ChromeDriver only supports Chrome version 114\nCurrent browser version is 116.0.5845.96 with binary path /usr/bin/google-chrome\nStacktrace:\n#0 0x55fe83e224e3 &lt;unknown&gt;\n#1 0x55fe83b51c76 &lt;unknown&gt;\n#2 0x55fe83b7f04a &lt;unknown&gt;\n#3 0x55fe83b7a4a1 &lt;unknown&gt;\n#4 0x55fe83b77029 &lt;unknown&gt;\n#5 0x55fe83bb5ccc &lt;unknown&gt;\n#6 0x55fe83bb547f &lt;unknown&gt;\n#7 0x55fe83bacde3 &lt;unknown&gt;\n#8 0x55fe83b822dd &lt;unknown&gt;\n#9 0x55fe83b8334e &lt;unknown&gt;\n#10 0x55fe83de23e4 &lt;unknown&gt;\n#11 0x55fe83de63d7 &lt;unknown&gt;\n#12 0x55fe83df0b20 &lt;unknown&gt;\n#13 0x55fe83de7023 &lt;unknown&gt;\n#14 0x55fe83db51aa &lt;unknown&gt;\n#15 0x55fe83e0b6b8 &lt;unknown&gt;\n#16 0x55fe83e0b847 &lt;unknown&gt;\n#17 0x55fe83e1b243 &lt;unknown&gt;\n#18 0x7f134b269ea7 start_thread\n')))" type="Error">Exception: ('Failed measure: selenium_login - Exception', Exception('Failed measure: selenium_login:open_login_page - Exception', Exception('Message: session not created: This version of ChromeDriver only supports Chrome version 114\nCurrent browser version is 116.0.5845.96 with binary path /usr/bin/google-chrome\nStacktrace:\n#0 0x55fe83e224e3 &lt;unknown&gt;\n#1 0x55fe83b51c76 &lt;unknown&gt;\n#2 0x55fe83b7f04a &lt;unknown&gt;\n#3 0x55fe83b7a4a1 &lt;unknown&gt;\n#4 0x55fe83b77029 &lt;unknown&gt;\n#5 0x55fe83bb5ccc &lt;unknown&gt;\n#6 0x55fe83bb547f &lt;unknown&gt;\n#7 0x55fe83bacde3 &lt;unknown&gt;\n#8 0x55fe83b822dd &lt;unknown&gt;\n#9 0x55fe83b8334e &lt;unknown&gt;\n#10 0x55fe83de23e4 &lt;unknown&gt;\n#11 0x55fe83de63d7 &lt;unknown&gt;\n#12 0x55fe83df0b20 &lt;unknown&gt;\n#13 0x55fe83de7023 &lt;unknown&gt;\n#14 0x55fe83db51aa &lt;unknown&gt;\n#15 0x55fe83e0b6b8 &lt;unknown&gt;\n#16 0x55fe83e0b847 &lt;unknown&gt;\n#17 0x55fe83e1b243 &lt;unknown&gt;\n#18 0x7f134b269ea7 start_thread\n')))
(status code is 500)
(total errors of this type: 1)</error>
      <error message="Exception: ('Failed measure: selenium_login - Exception', Exception('Failed measure: selenium_login:open_login_page - Exception', Exception('Message: session not created: This version of ChromeDriver only supports Chrome version 114\nCurrent browser version is 116.0.5845.96 with binary path /usr/bin/google-chrome\nStacktrace:\n#0 0x5582689ac4e3 &lt;unknown&gt;\n#1 0x5582686dbc76 &lt;unknown&gt;\n#2 0x55826870904a &lt;unknown&gt;\n#3 0x5582687044a1 &lt;unknown&gt;\n#4 0x558268701029 &lt;unknown&gt;\n#5 0x55826873fccc &lt;unknown&gt;\n#6 0x55826873f47f &lt;unknown&gt;\n#7 0x558268736de3 &lt;unknown&gt;\n#8 0x55826870c2dd &lt;unknown&gt;\n#9 0x55826870d34e &lt;unknown&gt;\n#10 0x55826896c3e4 &lt;unknown&gt;\n#11 0x5582689703d7 &lt;unknown&gt;\n#12 0x55826897ab20 &lt;unknown&gt;\n#13 0x558268971023 &lt;unknown&gt;\n#14 0x55826893f1aa &lt;unknown&gt;\n#15 0x5582689956b8 &lt;unknown&gt;\n#16 0x558268995847 &lt;unknown&gt;\n#17 0x5582689a5243 &lt;unknown&gt;\n#18 0x7fb8eebe9ea7 start_thread\n')))" type="Error">Exception: ('Failed measure: selenium_login - Exception', Exception('Failed measure: selenium_login:open_login_page - Exception', Exception('Message: session not created: This version of ChromeDriver only supports Chrome version 114\nCurrent browser version is 116.0.5845.96 with binary path /usr/bin/google-chrome\nStacktrace:\n#0 0x5582689ac4e3 &lt;unknown&gt;\n#1 0x5582686dbc76 &lt;unknown&gt;\n#2 0x55826870904a &lt;unknown&gt;\n#3 0x5582687044a1 &lt;unknown&gt;\n#4 0x558268701029 &lt;unknown&gt;\n#5 0x55826873fccc &lt;unknown&gt;\n#6 0x55826873f47f &lt;unknown&gt;\n#7 0x558268736de3 &lt;unknown&gt;\n#8 0x55826870c2dd &lt;unknown&gt;\n#9 0x55826870d34e &lt;unknown&gt;\n#10 0x55826896c3e4 &lt;unknown&gt;\n#11 0x5582689703d7 &lt;unknown&gt;\n#12 0x55826897ab20 &lt;unknown&gt;\n#13 0x558268971023 &lt;unknown&gt;\n#14 0x55826893f1aa &lt;unknown&gt;\n#15 0x5582689956b8 &lt;unknown&gt;\n#16 0x558268995847 &lt;unknown&gt;\n#17 0x5582689a5243 &lt;unknown&gt;\n#18 0x7fb8eebe9ea7 start_thread\n')))
(status code is 500)
(total errors of this type: 1)</error>
      <error message="Exception: ('Failed measure: selenium_login - Exception', Exception('Failed measure: selenium_login:open_login_page - Exception', Exception('Message: session not created: This version of ChromeDriver only supports Chrome version 114\nCurrent browser version is 116.0.5845.96 with binary path /usr/bin/google-chrome\nStacktrace:\n#0 0x56450a08c4e3 &lt;unknown&gt;\n#1 0x564509dbbc76 &lt;unknown&gt;\n#2 0x564509de904a &lt;unknown&gt;\n#3 0x564509de44a1 &lt;unknown&gt;\n#4 0x564509de1029 &lt;unknown&gt;\n#5 0x564509e1fccc &lt;unknown&gt;\n#6 0x564509e1f47f &lt;unknown&gt;\n#7 0x564509e16de3 &lt;unknown&gt;\n#8 0x564509dec2dd &lt;unknown&gt;\n#9 0x564509ded34e &lt;unknown&gt;\n#10 0x56450a04c3e4 &lt;unknown&gt;\n#11 0x56450a0503d7 &lt;unknown&gt;\n#12 0x56450a05ab20 &lt;unknown&gt;\n#13 0x56450a051023 &lt;unknown&gt;\n#14 0x56450a01f1aa &lt;unknown&gt;\n#15 0x56450a0756b8 &lt;unknown&gt;\n#16 0x56450a075847 &lt;unknown&gt;\n#17 0x56450a085243 &lt;unknown&gt;\n#18 0x7f6830ecbea7 start_thread\n')))" type="Error">Exception: ('Failed measure: selenium_login - Exception', Exception('Failed measure: selenium_login:open_login_page - Exception', Exception('Message: session not created: This version of ChromeDriver only supports Chrome version 114\nCurrent browser version is 116.0.5845.96 with binary path /usr/bin/google-chrome\nStacktrace:\n#0 0x56450a08c4e3 &lt;unknown&gt;\n#1 0x564509dbbc76 &lt;unknown&gt;\n#2 0x564509de904a &lt;unknown&gt;\n#3 0x564509de44a1 &lt;unknown&gt;\n#4 0x564509de1029 &lt;unknown&gt;\n#5 0x564509e1fccc &lt;unknown&gt;\n#6 0x564509e1f47f &lt;unknown&gt;\n#7 0x564509e16de3 &lt;unknown&gt;\n#8 0x564509dec2dd &lt;unknown&gt;\n#9 0x564509ded34e &lt;unknown&gt;\n#10 0x56450a04c3e4 &lt;unknown&gt;\n#11 0x56450a0503d7 &lt;unknown&gt;\n#12 0x56450a05ab20 &lt;unknown&gt;\n#13 0x56450a051023 &lt;unknown&gt;\n#14 0x56450a01f1aa &lt;unknown&gt;\n#15 0x56450a0756b8 &lt;unknown&gt;\n#16 0x56450a075847 &lt;unknown&gt;\n#17 0x56450a085243 &lt;unknown&gt;\n#18 0x7f6830ecbea7 start_thread\n')))
(status code is 500)
(total errors of this type: 1)</error>
      <error message="Exception: ('Failed measure: selenium_login - Exception', Exception('Failed measure: selenium_login:open_login_page - Exception', Exception('Message: session not created: This version of ChromeDriver only supports Chrome version 114\nCurrent browser version is 116.0.5845.96 with binary path /usr/bin/google-chrome\nStacktrace:\n#0 0x55c0ed1be4e3 &lt;unknown&gt;\n#1 0x55c0eceedc76 &lt;unknown&gt;\n#2 0x55c0ecf1b04a &lt;unknown&gt;\n#3 0x55c0ecf164a1 &lt;unknown&gt;\n#4 0x55c0ecf13029 &lt;unknown&gt;\n#5 0x55c0ecf51ccc &lt;unknown&gt;\n#6 0x55c0ecf5147f &lt;unknown&gt;\n#7 0x55c0ecf48de3 &lt;unknown&gt;\n#8 0x55c0ecf1e2dd &lt;unknown&gt;\n#9 0x55c0ecf1f34e &lt;unknown&gt;\n#10 0x55c0ed17e3e4 &lt;unknown&gt;\n#11 0x55c0ed1823d7 &lt;unknown&gt;\n#12 0x55c0ed18cb20 &lt;unknown&gt;\n#13 0x55c0ed183023 &lt;unknown&gt;\n#14 0x55c0ed1511aa &lt;unknown&gt;\n#15 0x55c0ed1a76b8 &lt;unknown&gt;\n#16 0x55c0ed1a7847 &lt;unknown&gt;\n#17 0x55c0ed1b7243 &lt;unknown&gt;\n#18 0x7fb93806fea7 start_thread\n')))" type="Error">Exception: ('Failed measure: selenium_login - Exception', Exception('Failed measure: selenium_login:open_login_page - Exception', Exception('Message: session not created: This version of ChromeDriver only supports Chrome version 114\nCurrent browser version is 116.0.5845.96 with binary path /usr/bin/google-chrome\nStacktrace:\n#0 0x55c0ed1be4e3 &lt;unknown&gt;\n#1 0x55c0eceedc76 &lt;unknown&gt;\n#2 0x55c0ecf1b04a &lt;unknown&gt;\n#3 0x55c0ecf164a1 &lt;unknown&gt;\n#4 0x55c0ecf13029 &lt;unknown&gt;\n#5 0x55c0ecf51ccc &lt;unknown&gt;\n#6 0x55c0ecf5147f &lt;unknown&gt;\n#7 0x55c0ecf48de3 &lt;unknown&gt;\n#8 0x55c0ecf1e2dd &lt;unknown&gt;\n#9 0x55c0ecf1f34e &lt;unknown&gt;\n#10 0x55c0ed17e3e4 &lt;unknown&gt;\n#11 0x55c0ed1823d7 &lt;unknown&gt;\n#12 0x55c0ed18cb20 &lt;unknown&gt;\n#13 0x55c0ed183023 &lt;unknown&gt;\n#14 0x55c0ed1511aa &lt;unknown&gt;\n#15 0x55c0ed1a76b8 &lt;unknown&gt;\n#16 0x55c0ed1a7847 &lt;unknown&gt;\n#17 0x55c0ed1b7243 &lt;unknown&gt;\n#18 0x7fb93806fea7 start_thread\n')))
(status code is 500)
(total errors of this type: 1)</error>
      <error message="Exception: ('Failed measure: selenium_login - Exception', Exception('Failed measure: selenium_login:open_login_page - Exception', Exception('Message: session not created: This version of ChromeDriver only supports Chrome version 114\nCurrent browser version is 116.0.5845.96 with binary path /usr/bin/google-chrome\nStacktrace:\n#0 0x55ce8f79f4e3 &lt;unknown&gt;\n#1 0x55ce8f4cec76 &lt;unknown&gt;\n#2 0x55ce8f4fc04a &lt;unknown&gt;\n#3 0x55ce8f4f74a1 &lt;unknown&gt;\n#4 0x55ce8f4f4029 &lt;unknown&gt;\n#5 0x55ce8f532ccc &lt;unknown&gt;\n#6 0x55ce8f53247f &lt;unknown&gt;\n#7 0x55ce8f529de3 &lt;unknown&gt;\n#8 0x55ce8f4ff2dd &lt;unknown&gt;\n#9 0x55ce8f50034e &lt;unknown&gt;\n#10 0x55ce8f75f3e4 &lt;unknown&gt;\n#11 0x55ce8f7633d7 &lt;unknown&gt;\n#12 0x55ce8f76db20 &lt;unknown&gt;\n#13 0x55ce8f764023 &lt;unknown&gt;\n#14 0x55ce8f7321aa &lt;unknown&gt;\n#15 0x55ce8f7886b8 &lt;unknown&gt;\n#16 0x55ce8f788847 &lt;unknown&gt;\n#17 0x55ce8f798243 &lt;unknown&gt;\n#18 0x7f4a7f2c9ea7 start_thread\n')))" type="Error">Exception: ('Failed measure: selenium_login - Exception', Exception('Failed measure: selenium_login:open_login_page - Exception', Exception('Message: session not created: This version of ChromeDriver only supports Chrome version 114\nCurrent browser version is 116.0.5845.96 with binary path /usr/bin/google-chrome\nStacktrace:\n#0 0x55ce8f79f4e3 &lt;unknown&gt;\n#1 0x55ce8f4cec76 &lt;unknown&gt;\n#2 0x55ce8f4fc04a &lt;unknown&gt;\n#3 0x55ce8f4f74a1 &lt;unknown&gt;\n#4 0x55ce8f4f4029 &lt;unknown&gt;\n#5 0x55ce8f532ccc &lt;unknown&gt;\n#6 0x55ce8f53247f &lt;unknown&gt;\n#7 0x55ce8f529de3 &lt;unknown&gt;\n#8 0x55ce8f4ff2dd &lt;unknown&gt;\n#9 0x55ce8f50034e &lt;unknown&gt;\n#10 0x55ce8f75f3e4 &lt;unknown&gt;\n#11 0x55ce8f7633d7 &lt;unknown&gt;\n#12 0x55ce8f76db20 &lt;unknown&gt;\n#13 0x55ce8f764023 &lt;unknown&gt;\n#14 0x55ce8f7321aa &lt;unknown&gt;\n#15 0x55ce8f7886b8 &lt;unknown&gt;\n#16 0x55ce8f788847 &lt;unknown&gt;\n#17 0x55ce8f798243 &lt;unknown&gt;\n#18 0x7f4a7f2c9ea7 start_thread\n')))
(status code is 500)
(total errors of this type: 1)</error>
      <error message="Exception: ('Failed measure: selenium_login - Exception', Exception('Failed measure: selenium_login:open_login_page - Exception', Exception('Message: session not created: This version of ChromeDriver only supports Chrome version 114\nCurrent browser version is 116.0.5845.96 with binary path /usr/bin/google-chrome\nStacktrace:\n#0 0x55b37ac3a4e3 &lt;unknown&gt;\n#1 0x55b37a969c76 &lt;unknown&gt;\n#2 0x55b37a99704a &lt;unknown&gt;\n#3 0x55b37a9924a1 &lt;unknown&gt;\n#4 0x55b37a98f029 &lt;unknown&gt;\n#5 0x55b37a9cdccc &lt;unknown&gt;\n#6 0x55b37a9cd47f &lt;unknown&gt;\n#7 0x55b37a9c4de3 &lt;unknown&gt;\n#8 0x55b37a99a2dd &lt;unknown&gt;\n#9 0x55b37a99b34e &lt;unknown&gt;\n#10 0x55b37abfa3e4 &lt;unknown&gt;\n#11 0x55b37abfe3d7 &lt;unknown&gt;\n#12 0x55b37ac08b20 &lt;unknown&gt;\n#13 0x55b37abff023 &lt;unknown&gt;\n#14 0x55b37abcd1aa &lt;unknown&gt;\n#15 0x55b37ac236b8 &lt;unknown&gt;\n#16 0x55b37ac23847 &lt;unknown&gt;\n#17 0x55b37ac33243 &lt;unknown&gt;\n#18 0x7f689c5a9ea7 start_thread\n')))" type="Error">Exception: ('Failed measure: selenium_login - Exception', Exception('Failed measure: selenium_login:open_login_page - Exception', Exception('Message: session not created: This version of ChromeDriver only supports Chrome version 114\nCurrent browser version is 116.0.5845.96 with binary path /usr/bin/google-chrome\nStacktrace:\n#0 0x55b37ac3a4e3 &lt;unknown&gt;\n#1 0x55b37a969c76 &lt;unknown&gt;\n#2 0x55b37a99704a &lt;unknown&gt;\n#3 0x55b37a9924a1 &lt;unknown&gt;\n#4 0x55b37a98f029 &lt;unknown&gt;\n#5 0x55b37a9cdccc &lt;unknown&gt;\n#6 0x55b37a9cd47f &lt;unknown&gt;\n#7 0x55b37a9c4de3 &lt;unknown&gt;\n#8 0x55b37a99a2dd &lt;unknown&gt;\n#9 0x55b37a99b34e &lt;unknown&gt;\n#10 0x55b37abfa3e4 &lt;unknown&gt;\n#11 0x55b37abfe3d7 &lt;unknown&gt;\n#12 0x55b37ac08b20 &lt;unknown&gt;\n#13 0x55b37abff023 &lt;unknown&gt;\n#14 0x55b37abcd1aa &lt;unknown&gt;\n#15 0x55b37ac236b8 &lt;unknown&gt;\n#16 0x55b37ac23847 &lt;unknown&gt;\n#17 0x55b37ac33243 &lt;unknown&gt;\n#18 0x7f689c5a9ea7 start_thread\n')))
(status code is 500)
(total errors of this type: 1)</error>
      <error message="Exception: ('Failed measure: selenium_login - Exception', Exception('Failed measure: selenium_login:open_login_page - Exception', Exception('Message: session not created: This version of ChromeDriver only supports Chrome version 114\nCurrent browser version is 116.0.5845.96 with binary path /usr/bin/google-chrome\nStacktrace:\n#0 0x56232b8024e3 &lt;unknown&gt;\n#1 0x56232b531c76 &lt;unknown&gt;\n#2 0x56232b55f04a &lt;unknown&gt;\n#3 0x56232b55a4a1 &lt;unknown&gt;\n#4 0x56232b557029 &lt;unknown&gt;\n#5 0x56232b595ccc &lt;unknown&gt;\n#6 0x56232b59547f &lt;unknown&gt;\n#7 0x56232b58cde3 &lt;unknown&gt;\n#8 0x56232b5622dd &lt;unknown&gt;\n#9 0x56232b56334e &lt;unknown&gt;\n#10 0x56232b7c23e4 &lt;unknown&gt;\n#11 0x56232b7c63d7 &lt;unknown&gt;\n#12 0x56232b7d0b20 &lt;unknown&gt;\n#13 0x56232b7c7023 &lt;unknown&gt;\n#14 0x56232b7951aa &lt;unknown&gt;\n#15 0x56232b7eb6b8 &lt;unknown&gt;\n#16 0x56232b7eb847 &lt;unknown&gt;\n#17 0x56232b7fb243 &lt;unknown&gt;\n#18 0x7f670562fea7 start_thread\n')))" type="Error">Exception: ('Failed measure: selenium_login - Exception', Exception('Failed measure: selenium_login:open_login_page - Exception', Exception('Message: session not created: This version of ChromeDriver only supports Chrome version 114\nCurrent browser version is 116.0.5845.96 with binary path /usr/bin/google-chrome\nStacktrace:\n#0 0x56232b8024e3 &lt;unknown&gt;\n#1 0x56232b531c76 &lt;unknown&gt;\n#2 0x56232b55f04a &lt;unknown&gt;\n#3 0x56232b55a4a1 &lt;unknown&gt;\n#4 0x56232b557029 &lt;unknown&gt;\n#5 0x56232b595ccc &lt;unknown&gt;\n#6 0x56232b59547f &lt;unknown&gt;\n#7 0x56232b58cde3 &lt;unknown&gt;\n#8 0x56232b5622dd &lt;unknown&gt;\n#9 0x56232b56334e &lt;unknown&gt;\n#10 0x56232b7c23e4 &lt;unknown&gt;\n#11 0x56232b7c63d7 &lt;unknown&gt;\n#12 0x56232b7d0b20 &lt;unknown&gt;\n#13 0x56232b7c7023 &lt;unknown&gt;\n#14 0x56232b7951aa &lt;unknown&gt;\n#15 0x56232b7eb6b8 &lt;unknown&gt;\n#16 0x56232b7eb847 &lt;unknown&gt;\n#17 0x56232b7fb243 &lt;unknown&gt;\n#18 0x7f670562fea7 start_thread\n')))
(status code is 500)
(total errors of this type: 1)</error>
      <error message="Exception: ('Failed measure: selenium_login - Exception', Exception('Failed measure: selenium_login:open_login_page - Exception', Exception('Message: session not created: This version of ChromeDriver only supports Chrome version 114\nCurrent browser version is 116.0.5845.96 with binary path /usr/bin/google-chrome\nStacktrace:\n#0 0x55ebacbd94e3 &lt;unknown&gt;\n#1 0x55ebac908c76 &lt;unknown&gt;\n#2 0x55ebac93604a &lt;unknown&gt;\n#3 0x55ebac9314a1 &lt;unknown&gt;\n#4 0x55ebac92e029 &lt;unknown&gt;\n#5 0x55ebac96cccc &lt;unknown&gt;\n#6 0x55ebac96c47f &lt;unknown&gt;\n#7 0x55ebac963de3 &lt;unknown&gt;\n#8 0x55ebac9392dd &lt;unknown&gt;\n#9 0x55ebac93a34e &lt;unknown&gt;\n#10 0x55ebacb993e4 &lt;unknown&gt;\n#11 0x55ebacb9d3d7 &lt;unknown&gt;\n#12 0x55ebacba7b20 &lt;unknown&gt;\n#13 0x55ebacb9e023 &lt;unknown&gt;\n#14 0x55ebacb6c1aa &lt;unknown&gt;\n#15 0x55ebacbc26b8 &lt;unknown&gt;\n#16 0x55ebacbc2847 &lt;unknown&gt;\n#17 0x55ebacbd2243 &lt;unknown&gt;\n#18 0x7f5353988ea7 start_thread\n')))" type="Error">Exception: ('Failed measure: selenium_login - Exception', Exception('Failed measure: selenium_login:open_login_page - Exception', Exception('Message: session not created: This version of ChromeDriver only supports Chrome version 114\nCurrent browser version is 116.0.5845.96 with binary path /usr/bin/google-chrome\nStacktrace:\n#0 0x55ebacbd94e3 &lt;unknown&gt;\n#1 0x55ebac908c76 &lt;unknown&gt;\n#2 0x55ebac93604a &lt;unknown&gt;\n#3 0x55ebac9314a1 &lt;unknown&gt;\n#4 0x55ebac92e029 &lt;unknown&gt;\n#5 0x55ebac96cccc &lt;unknown&gt;\n#6 0x55ebac96c47f &lt;unknown&gt;\n#7 0x55ebac963de3 &lt;unknown&gt;\n#8 0x55ebac9392dd &lt;unknown&gt;\n#9 0x55ebac93a34e &lt;unknown&gt;\n#10 0x55ebacb993e4 &lt;unknown&gt;\n#11 0x55ebacb9d3d7 &lt;unknown&gt;\n#12 0x55ebacba7b20 &lt;unknown&gt;\n#13 0x55ebacb9e023 &lt;unknown&gt;\n#14 0x55ebacb6c1aa &lt;unknown&gt;\n#15 0x55ebacbc26b8 &lt;unknown&gt;\n#16 0x55ebacbc2847 &lt;unknown&gt;\n#17 0x55ebacbd2243 &lt;unknown&gt;\n#18 0x7f5353988ea7 start_thread\n')))
(status code is 500)
(total errors of this type: 1)</error>
      <error message="Exception: ('Failed measure: selenium_login - Exception', Exception('Failed measure: selenium_login:open_login_page - Exception', Exception('Message: session not created: This version of ChromeDriver only supports Chrome version 114\nCurrent browser version is 116.0.5845.96 with binary path /usr/bin/google-chrome\nStacktrace:\n#0 0x55c351abf4e3 &lt;unknown&gt;\n#1 0x55c3517eec76 &lt;unknown&gt;\n#2 0x55c35181c04a &lt;unknown&gt;\n#3 0x55c3518174a1 &lt;unknown&gt;\n#4 0x55c351814029 &lt;unknown&gt;\n#5 0x55c351852ccc &lt;unknown&gt;\n#6 0x55c35185247f &lt;unknown&gt;\n#7 0x55c351849de3 &lt;unknown&gt;\n#8 0x55c35181f2dd &lt;unknown&gt;\n#9 0x55c35182034e &lt;unknown&gt;\n#10 0x55c351a7f3e4 &lt;unknown&gt;\n#11 0x55c351a833d7 &lt;unknown&gt;\n#12 0x55c351a8db20 &lt;unknown&gt;\n#13 0x55c351a84023 &lt;unknown&gt;\n#14 0x55c351a521aa &lt;unknown&gt;\n#15 0x55c351aa86b8 &lt;unknown&gt;\n#16 0x55c351aa8847 &lt;unknown&gt;\n#17 0x55c351ab8243 &lt;unknown&gt;\n#18 0x7f22dbb7fea7 start_thread\n')))" type="Error">Exception: ('Failed measure: selenium_login - Exception', Exception('Failed measure: selenium_login:open_login_page - Exception', Exception('Message: session not created: This version of ChromeDriver only supports Chrome version 114\nCurrent browser version is 116.0.5845.96 with binary path /usr/bin/google-chrome\nStacktrace:\n#0 0x55c351abf4e3 &lt;unknown&gt;\n#1 0x55c3517eec76 &lt;unknown&gt;\n#2 0x55c35181c04a &lt;unknown&gt;\n#3 0x55c3518174a1 &lt;unknown&gt;\n#4 0x55c351814029 &lt;unknown&gt;\n#5 0x55c351852ccc &lt;unknown&gt;\n#6 0x55c35185247f &lt;unknown&gt;\n#7 0x55c351849de3 &lt;unknown&gt;\n#8 0x55c35181f2dd &lt;unknown&gt;\n#9 0x55c35182034e &lt;unknown&gt;\n#10 0x55c351a7f3e4 &lt;unknown&gt;\n#11 0x55c351a833d7 &lt;unknown&gt;\n#12 0x55c351a8db20 &lt;unknown&gt;\n#13 0x55c351a84023 &lt;unknown&gt;\n#14 0x55c351a521aa &lt;unknown&gt;\n#15 0x55c351aa86b8 &lt;unknown&gt;\n#16 0x55c351aa8847 &lt;unknown&gt;\n#17 0x55c351ab8243 &lt;unknown&gt;\n#18 0x7f22dbb7fea7 start_thread\n')))
(status code is 500)
(total errors of this type: 1)</error>
      <error message="Exception: ('Failed measure: selenium_login - Exception', Exception('Failed measure: selenium_login:open_login_page - Exception', Exception('Message: session not created: This version of ChromeDriver only supports Chrome version 114\nCurrent browser version is 116.0.5845.96 with binary path /usr/bin/google-chrome\nStacktrace:\n#0 0x5595813864e3 &lt;unknown&gt;\n#1 0x5595810b5c76 &lt;unknown&gt;\n#2 0x5595810e304a &lt;unknown&gt;\n#3 0x5595810de4a1 &lt;unknown&gt;\n#4 0x5595810db029 &lt;unknown&gt;\n#5 0x559581119ccc &lt;unknown&gt;\n#6 0x55958111947f &lt;unknown&gt;\n#7 0x559581110de3 &lt;unknown&gt;\n#8 0x5595810e62dd &lt;unknown&gt;\n#9 0x5595810e734e &lt;unknown&gt;\n#10 0x5595813463e4 &lt;unknown&gt;\n#11 0x55958134a3d7 &lt;unknown&gt;\n#12 0x559581354b20 &lt;unknown&gt;\n#13 0x55958134b023 &lt;unknown&gt;\n#14 0x5595813191aa &lt;unknown&gt;\n#15 0x55958136f6b8 &lt;unknown&gt;\n#16 0x55958136f847 &lt;unknown&gt;\n#17 0x55958137f243 &lt;unknown&gt;\n#18 0x7f0ea5391ea7 start_thread\n')))" type="Error">Exception: ('Failed measure: selenium_login - Exception', Exception('Failed measure: selenium_login:open_login_page - Exception', Exception('Message: session not created: This version of ChromeDriver only supports Chrome version 114\nCurrent browser version is 116.0.5845.96 with binary path /usr/bin/google-chrome\nStacktrace:\n#0 0x5595813864e3 &lt;unknown&gt;\n#1 0x5595810b5c76 &lt;unknown&gt;\n#2 0x5595810e304a &lt;unknown&gt;\n#3 0x5595810de4a1 &lt;unknown&gt;\n#4 0x5595810db029 &lt;unknown&gt;\n#5 0x559581119ccc &lt;unknown&gt;\n#6 0x55958111947f &lt;unknown&gt;\n#7 0x559581110de3 &lt;unknown&gt;\n#8 0x5595810e62dd &lt;unknown&gt;\n#9 0x5595810e734e &lt;unknown&gt;\n#10 0x5595813463e4 &lt;unknown&gt;\n#11 0x55958134a3d7 &lt;unknown&gt;\n#12 0x559581354b20 &lt;unknown&gt;\n#13 0x55958134b023 &lt;unknown&gt;\n#14 0x5595813191aa &lt;unknown&gt;\n#15 0x55958136f6b8 &lt;unknown&gt;\n#16 0x55958136f847 &lt;unknown&gt;\n#17 0x55958137f243 &lt;unknown&gt;\n#18 0x7f0ea5391ea7 start_thread\n')))
(status code is 500)
(total errors of this type: 1)</error>
      <error message="Exception: ('Failed measure: selenium_login - Exception', Exception('Failed measure: selenium_login:open_login_page - Exception', Exception('Message: session not created: This version of ChromeDriver only supports Chrome version 114\nCurrent browser version is 116.0.5845.96 with binary path /usr/bin/google-chrome\nStacktrace:\n#0 0x55e3f5e234e3 &lt;unknown&gt;\n#1 0x55e3f5b52c76 &lt;unknown&gt;\n#2 0x55e3f5b8004a &lt;unknown&gt;\n#3 0x55e3f5b7b4a1 &lt;unknown&gt;\n#4 0x55e3f5b78029 &lt;unknown&gt;\n#5 0x55e3f5bb6ccc &lt;unknown&gt;\n#6 0x55e3f5bb647f &lt;unknown&gt;\n#7 0x55e3f5badde3 &lt;unknown&gt;\n#8 0x55e3f5b832dd &lt;unknown&gt;\n#9 0x55e3f5b8434e &lt;unknown&gt;\n#10 0x55e3f5de33e4 &lt;unknown&gt;\n#11 0x55e3f5de73d7 &lt;unknown&gt;\n#12 0x55e3f5df1b20 &lt;unknown&gt;\n#13 0x55e3f5de8023 &lt;unknown&gt;\n#14 0x55e3f5db61aa &lt;unknown&gt;\n#15 0x55e3f5e0c6b8 &lt;unknown&gt;\n#16 0x55e3f5e0c847 &lt;unknown&gt;\n#17 0x55e3f5e1c243 &lt;unknown&gt;\n#18 0x7f562f569ea7 start_thread\n')))" type="Error">Exception: ('Failed measure: selenium_login - Exception', Exception('Failed measure: selenium_login:open_login_page - Exception', Exception('Message: session not created: This version of ChromeDriver only supports Chrome version 114\nCurrent browser version is 116.0.5845.96 with binary path /usr/bin/google-chrome\nStacktrace:\n#0 0x55e3f5e234e3 &lt;unknown&gt;\n#1 0x55e3f5b52c76 &lt;unknown&gt;\n#2 0x55e3f5b8004a &lt;unknown&gt;\n#3 0x55e3f5b7b4a1 &lt;unknown&gt;\n#4 0x55e3f5b78029 &lt;unknown&gt;\n#5 0x55e3f5bb6ccc &lt;unknown&gt;\n#6 0x55e3f5bb647f &lt;unknown&gt;\n#7 0x55e3f5badde3 &lt;unknown&gt;\n#8 0x55e3f5b832dd &lt;unknown&gt;\n#9 0x55e3f5b8434e &lt;unknown&gt;\n#10 0x55e3f5de33e4 &lt;unknown&gt;\n#11 0x55e3f5de73d7 &lt;unknown&gt;\n#12 0x55e3f5df1b20 &lt;unknown&gt;\n#13 0x55e3f5de8023 &lt;unknown&gt;\n#14 0x55e3f5db61aa &lt;unknown&gt;\n#15 0x55e3f5e0c6b8 &lt;unknown&gt;\n#16 0x55e3f5e0c847 &lt;unknown&gt;\n#17 0x55e3f5e1c243 &lt;unknown&gt;\n#18 0x7f562f569ea7 start_thread\n')))
(status code is 500)
(total errors of this type: 1)</error>
      <error message="Exception: ('Failed measure: selenium_login - Exception', Exception('Failed measure: selenium_login:open_login_page - Exception', Exception('Message: session not created: This version of ChromeDriver only supports Chrome version 114\nCurrent browser version is 116.0.5845.96 with binary path /usr/bin/google-chrome\nStacktrace:\n#0 0x5653894744e3 &lt;unknown&gt;\n#1 0x5653891a3c76 &lt;unknown&gt;\n#2 0x5653891d104a &lt;unknown&gt;\n#3 0x5653891cc4a1 &lt;unknown&gt;\n#4 0x5653891c9029 &lt;unknown&gt;\n#5 0x565389207ccc &lt;unknown&gt;\n#6 0x56538920747f &lt;unknown&gt;\n#7 0x5653891fede3 &lt;unknown&gt;\n#8 0x5653891d42dd &lt;unknown&gt;\n#9 0x5653891d534e &lt;unknown&gt;\n#10 0x5653894343e4 &lt;unknown&gt;\n#11 0x5653894383d7 &lt;unknown&gt;\n#12 0x565389442b20 &lt;unknown&gt;\n#13 0x565389439023 &lt;unknown&gt;\n#14 0x5653894071aa &lt;unknown&gt;\n#15 0x56538945d6b8 &lt;unknown&gt;\n#16 0x56538945d847 &lt;unknown&gt;\n#17 0x56538946d243 &lt;unknown&gt;\n#18 0x7f94283d3ea7 start_thread\n')))" type="Error">Exception: ('Failed measure: selenium_login - Exception', Exception('Failed measure: selenium_login:open_login_page - Exception', Exception('Message: session not created: This version of ChromeDriver only supports Chrome version 114\nCurrent browser version is 116.0.5845.96 with binary path /usr/bin/google-chrome\nStacktrace:\n#0 0x5653894744e3 &lt;unknown&gt;\n#1 0x5653891a3c76 &lt;unknown&gt;\n#2 0x5653891d104a &lt;unknown&gt;\n#3 0x5653891cc4a1 &lt;unknown&gt;\n#4 0x5653891c9029 &lt;unknown&gt;\n#5 0x565389207ccc &lt;unknown&gt;\n#6 0x56538920747f &lt;unknown&gt;\n#7 0x5653891fede3 &lt;unknown&gt;\n#8 0x5653891d42dd &lt;unknown&gt;\n#9 0x5653891d534e &lt;unknown&gt;\n#10 0x5653894343e4 &lt;unknown&gt;\n#11 0x5653894383d7 &lt;unknown&gt;\n#12 0x565389442b20 &lt;unknown&gt;\n#13 0x565389439023 &lt;unknown&gt;\n#14 0x5653894071aa &lt;unknown&gt;\n#15 0x56538945d6b8 &lt;unknown&gt;\n#16 0x56538945d847 &lt;unknown&gt;\n#17 0x56538946d243 &lt;unknown&gt;\n#18 0x7f94283d3ea7 start_thread\n')))
(status code is 500)
(total errors of this type: 1)</error>
      <error message="Exception: ('Failed measure: selenium_login - Exception', Exception('Failed measure: selenium_login:open_login_page - Exception', Exception('Message: session not created: This version of ChromeDriver only supports Chrome version 114\nCurrent browser version is 116.0.5845.96 with binary path /usr/bin/google-chrome\nStacktrace:\n#0 0x557b9c8f24e3 &lt;unknown&gt;\n#1 0x557b9c621c76 &lt;unknown&gt;\n#2 0x557b9c64f04a &lt;unknown&gt;\n#3 0x557b9c64a4a1 &lt;unknown&gt;\n#4 0x557b9c647029 &lt;unknown&gt;\n#5 0x557b9c685ccc &lt;unknown&gt;\n#6 0x557b9c68547f &lt;unknown&gt;\n#7 0x557b9c67cde3 &lt;unknown&gt;\n#8 0x557b9c6522dd &lt;unknown&gt;\n#9 0x557b9c65334e &lt;unknown&gt;\n#10 0x557b9c8b23e4 &lt;unknown&gt;\n#11 0x557b9c8b63d7 &lt;unknown&gt;\n#12 0x557b9c8c0b20 &lt;unknown&gt;\n#13 0x557b9c8b7023 &lt;unknown&gt;\n#14 0x557b9c8851aa &lt;unknown&gt;\n#15 0x557b9c8db6b8 &lt;unknown&gt;\n#16 0x557b9c8db847 &lt;unknown&gt;\n#17 0x557b9c8eb243 &lt;unknown&gt;\n#18 0x7ff5eaff5ea7 start_thread\n')))" type="Error">Exception: ('Failed measure: selenium_login - Exception', Exception('Failed measure: selenium_login:open_login_page - Exception', Exception('Message: session not created: This version of ChromeDriver only supports Chrome version 114\nCurrent browser version is 116.0.5845.96 with binary path /usr/bin/google-chrome\nStacktrace:\n#0 0x557b9c8f24e3 &lt;unknown&gt;\n#1 0x557b9c621c76 &lt;unknown&gt;\n#2 0x557b9c64f04a &lt;unknown&gt;\n#3 0x557b9c64a4a1 &lt;unknown&gt;\n#4 0x557b9c647029 &lt;unknown&gt;\n#5 0x557b9c685ccc &lt;unknown&gt;\n#6 0x557b9c68547f &lt;unknown&gt;\n#7 0x557b9c67cde3 &lt;unknown&gt;\n#8 0x557b9c6522dd &lt;unknown&gt;\n#9 0x557b9c65334e &lt;unknown&gt;\n#10 0x557b9c8b23e4 &lt;unknown&gt;\n#11 0x557b9c8b63d7 &lt;unknown&gt;\n#12 0x557b9c8c0b20 &lt;unknown&gt;\n#13 0x557b9c8b7023 &lt;unknown&gt;\n#14 0x557b9c8851aa &lt;unknown&gt;\n#15 0x557b9c8db6b8 &lt;unknown&gt;\n#16 0x557b9c8db847 &lt;unknown&gt;\n#17 0x557b9c8eb243 &lt;unknown&gt;\n#18 0x7ff5eaff5ea7 start_thread\n')))
(status code is 500)
(total errors of this type: 1)</error>
      <error message="Exception: ('Failed measure: selenium_login - Exception', Exception('Failed measure: selenium_login:open_login_page - Exception', Exception('Message: session not created: This version of ChromeDriver only supports Chrome version 114\nCurrent browser version is 116.0.5845.96 with binary path /usr/bin/google-chrome\nStacktrace:\n#0 0x55f6deef84e3 &lt;unknown&gt;\n#1 0x55f6dec27c76 &lt;unknown&gt;\n#2 0x55f6dec5504a &lt;unknown&gt;\n#3 0x55f6dec504a1 &lt;unknown&gt;\n#4 0x55f6dec4d029 &lt;unknown&gt;\n#5 0x55f6dec8bccc &lt;unknown&gt;\n#6 0x55f6dec8b47f &lt;unknown&gt;\n#7 0x55f6dec82de3 &lt;unknown&gt;\n#8 0x55f6dec582dd &lt;unknown&gt;\n#9 0x55f6dec5934e &lt;unknown&gt;\n#10 0x55f6deeb83e4 &lt;unknown&gt;\n#11 0x55f6deebc3d7 &lt;unknown&gt;\n#12 0x55f6deec6b20 &lt;unknown&gt;\n#13 0x55f6deebd023 &lt;unknown&gt;\n#14 0x55f6dee8b1aa &lt;unknown&gt;\n#15 0x55f6deee16b8 &lt;unknown&gt;\n#16 0x55f6deee1847 &lt;unknown&gt;\n#17 0x55f6deef1243 &lt;unknown&gt;\n#18 0x7f3d893dbea7 start_thread\n')))" type="Error">Exception: ('Failed measure: selenium_login - Exception', Exception('Failed measure: selenium_login:open_login_page - Exception', Exception('Message: session not created: This version of ChromeDriver only supports Chrome version 114\nCurrent browser version is 116.0.5845.96 with binary path /usr/bin/google-chrome\nStacktrace:\n#0 0x55f6deef84e3 &lt;unknown&gt;\n#1 0x55f6dec27c76 &lt;unknown&gt;\n#2 0x55f6dec5504a &lt;unknown&gt;\n#3 0x55f6dec504a1 &lt;unknown&gt;\n#4 0x55f6dec4d029 &lt;unknown&gt;\n#5 0x55f6dec8bccc &lt;unknown&gt;\n#6 0x55f6dec8b47f &lt;unknown&gt;\n#7 0x55f6dec82de3 &lt;unknown&gt;\n#8 0x55f6dec582dd &lt;unknown&gt;\n#9 0x55f6dec5934e &lt;unknown&gt;\n#10 0x55f6deeb83e4 &lt;unknown&gt;\n#11 0x55f6deebc3d7 &lt;unknown&gt;\n#12 0x55f6deec6b20 &lt;unknown&gt;\n#13 0x55f6deebd023 &lt;unknown&gt;\n#14 0x55f6dee8b1aa &lt;unknown&gt;\n#15 0x55f6deee16b8 &lt;unknown&gt;\n#16 0x55f6deee1847 &lt;unknown&gt;\n#17 0x55f6deef1243 &lt;unknown&gt;\n#18 0x7f3d893dbea7 start_thread\n')))
(status code is 500)
(total errors of this type: 1)</error>
    </testcase>
  </testsuite>
</testsuites>
